#
# There is insufficient memory for the Java Runtime Environment to continue.
# Native memory allocation (malloc) failed to allocate 1792816 bytes for Chunk::new
# Possible reasons:
#   The system is out of physical RAM or swap space
#   The process is running with CompressedOops enabled, and the Java Heap may be blocking the growth of the native heap
# Possible solutions:
#   Reduce memory load on the system
#   Increase physical memory or swap space
#   Check if swap backing store is full
#   Decrease Java heap size (-Xmx/-Xms)
#   Decrease number of Java threads
#   Decrease Java thread stack sizes (-Xss)
#   Set larger code cache with -XX:ReservedCodeCacheSize=
#   JVM is running with Unscaled Compressed Oops mode in which the Java heap is
#     placed in the first 4GB address space. The Java Heap base address is the
#     maximum limit for the native heap growth. Please use -XX:HeapBaseMinAddress
#     to set the Java Heap base and to place the Java Heap above 4GB virtual address.
# This output file may be truncated or incomplete.
#
#  Out of Memory Error (t:/workspace/open/src/hotspot/share/memory/arena.cpp:197), pid=8868, tid=10244
#
# JRE version: Java(TM) SE Runtime Environment (12.0.1+12) (build 12.0.1+12)
# Java VM: Java HotSpot(TM) 64-Bit Server VM (12.0.1+12, mixed mode, sharing, tiered, compressed oops, g1 gc, windows-amd64)
# Core dump will be written. Default location: C:\ymy\毕设后端\Graduation\hs_err_pid8868.mdmp
#

---------------  S U M M A R Y ------------

Command Line: -javaagent:C:\ymy\IntelliJ IDEA Community Edition 2019.3.2\lib\idea_rt.jar=65062:C:\ymy\IntelliJ IDEA Community Edition 2019.3.2\bin -Dfile.encoding=UTF-8 com.ymy.graduation.GraduationApplication

Host: Intel(R) Xeon(R) Gold 6148 CPU @ 2.40GHz, 2 cores, 3G,  Windows Server 2019 , 64 bit Build 17763 (10.0.17763.475)
Time: Wed Feb 26 15:41:20 2020 ?D1ú±ê×?ê±?? elapsed time: 5 seconds (0d 0h 0m 5s)

---------------  T H R E A D  ---------------

Current thread (0x0000024a535a5800):  JavaThread "C2 CompilerThread0" daemon [_thread_in_native, id=10244, stack(0x000000953de00000,0x000000953df00000)]


Current CompileTask:
C2:   5738 2060   !   4       jdk.internal.loader.BuiltinClassLoader::loadClassOrNull (143 bytes)

Stack: [0x000000953de00000,0x000000953df00000]
Native frames: (J=compiled Java code, j=interpreted, Vv=VM code, C=native code)
V  [jvm.dll+0x63948a]
V  [jvm.dll+0x78b31f]
V  [jvm.dll+0x78c9c1]
V  [jvm.dll+0x78d013]
V  [jvm.dll+0x262138]
V  [jvm.dll+0xc582c]
V  [jvm.dll+0xc5dac]
V  [jvm.dll+0x3796a7]
V  [jvm.dll+0x1aee00]
V  [jvm.dll+0x21c142]
V  [jvm.dll+0x21b20a]
V  [jvm.dll+0x199890]
V  [jvm.dll+0x22a534]
V  [jvm.dll+0x228b88]
V  [jvm.dll+0x74f660]
V  [jvm.dll+0x748648]
V  [jvm.dll+0x638566]
C  [ucrtbase.dll+0x21ffa]
C  [KERNEL32.DLL+0x17974]
C  [ntdll.dll+0x6a271]


---------------  P R O C E S S  ---------------

Threads class SMR info:
_java_thread_list=0x0000024a54fd6620, length=13, elements={
0x0000024a37b35000, 0x0000024a5357f800, 0x0000024a53581000, 0x0000024a535a2000,
0x0000024a535a4000, 0x0000024a535a5800, 0x0000024a53614000, 0x0000024a5361c800,
0x0000024a37be5000, 0x0000024a54083800, 0x0000024a54095800, 0x0000024a549ed000,
0x0000024a549f6000
}

Java Threads: ( => current thread )
  0x0000024a37b35000 JavaThread "main" [_thread_blocked, id=1568, stack(0x000000953d300000,0x000000953d400000)]
  0x0000024a5357f800 JavaThread "Reference Handler" daemon [_thread_blocked, id=3904, stack(0x000000953da00000,0x000000953db00000)]
  0x0000024a53581000 JavaThread "Finalizer" daemon [_thread_blocked, id=9140, stack(0x000000953db00000,0x000000953dc00000)]
  0x0000024a535a2000 JavaThread "Signal Dispatcher" daemon [_thread_blocked, id=11112, stack(0x000000953dc00000,0x000000953dd00000)]
  0x0000024a535a4000 JavaThread "Attach Listener" daemon [_thread_blocked, id=9352, stack(0x000000953dd00000,0x000000953de00000)]
=>0x0000024a535a5800 JavaThread "C2 CompilerThread0" daemon [_thread_in_native, id=10244, stack(0x000000953de00000,0x000000953df00000)]
  0x0000024a53614000 JavaThread "C1 CompilerThread0" daemon [_thread_blocked, id=2908, stack(0x000000953df00000,0x000000953e000000)]
  0x0000024a5361c800 JavaThread "Sweeper thread" daemon [_thread_blocked, id=9316, stack(0x000000953e000000,0x000000953e100000)]
  0x0000024a37be5000 JavaThread "Common-Cleaner" daemon [_thread_blocked, id=4432, stack(0x000000953e100000,0x000000953e200000)]
  0x0000024a54083800 JavaThread "Monitor Ctrl-Break" daemon [_thread_in_native, id=7708, stack(0x000000953e200000,0x000000953e300000)]
  0x0000024a54095800 JavaThread "Service Thread" daemon [_thread_blocked, id=6572, stack(0x000000953e300000,0x000000953e400000)]
  0x0000024a549ed000 JavaThread "Thread-0" [_thread_blocked, id=5732, stack(0x000000953e700000,0x000000953e800000)]
  0x0000024a549f6000 JavaThread "restartedMain" [_thread_in_native, id=3200, stack(0x000000953e600000,0x000000953e700000)]

Other Threads:
  0x0000024a37bfd800 VMThread "VM Thread" [stack: 0x000000953d900000,0x000000953da00000] [id=8448]
  0x0000024a54096800 WatcherThread [stack: 0x000000953e400000,0x000000953e500000] [id=10500]
  0x0000024a37b5f800 GCTaskThread "GC Thread#0" [stack: 0x000000953d400000,0x000000953d500000] [id=11120]
  0x0000024a5434b000 GCTaskThread "GC Thread#1" [stack: 0x000000953e500000,0x000000953e600000] [id=7036]
  0x0000024a37b67800 ConcurrentGCThread "G1 Main Marker" [stack: 0x000000953d500000,0x000000953d600000] [id=8908]
  0x0000024a37b6a800 ConcurrentGCThread "G1 Conc#0" [stack: 0x000000953d600000,0x000000953d700000] [id=5916]
  0x0000024a37bb8000 ConcurrentGCThread "G1 Refine#0" [stack: 0x000000953d700000,0x000000953d800000] [id=4208]
  0x0000024a37bb9000 ConcurrentGCThread "G1 Young RemSet Sampling" [stack: 0x000000953d800000,0x000000953d900000] [id=10544]

Threads with active compile tasks:
C2 CompilerThread0  2060   !   4       jdk.internal.loader.BuiltinClassLoader::loadClassOrNull (143 bytes)

VM state:not at safepoint (normal execution)

VM Mutex/Monitor currently owned by a thread: None

Heap address: 0x00000000c0000000, size: 1024 MB, Compressed Oops mode: 32-bit
Narrow klass base: 0x0000000800000000, Narrow klass shift: 3
Compressed class space size: 1073741824 Address: 0x00000008011a0000

Heap:
 garbage-first heap   total 78848K, used 47245K [0x00000000c0000000, 0x0000000100000000)
  region size 1024K, 42 young (43008K), 4 survivors (4096K)
 Metaspace       used 18730K, capacity 19227K, committed 19584K, reserved 1067008K
  class space    used 2385K, capacity 2565K, committed 2688K, reserved 1048576K
Heap Regions: E=young(eden), S=young(survivor), O=old, HS=humongous(starts), HC=humongous(continues), CS=collection set, F=free, A=archive, TAMS=top-at-mark-start (previous, next)
|   0|0x00000000c0000000, 0x00000000c0100000, 0x00000000c0100000|100%|HS|  |TAMS 0x00000000c0000000, 0x00000000c0000000| Complete 
|   1|0x00000000c0100000, 0x00000000c0200000, 0x00000000c0200000|100%| O|  |TAMS 0x00000000c0100000, 0x00000000c0100000| Untracked 
|   2|0x00000000c0200000, 0x00000000c0300000, 0x00000000c0300000|100%| O|  |TAMS 0x00000000c0200000, 0x00000000c0200000| Untracked 
|   3|0x00000000c0300000, 0x00000000c0400000, 0x00000000c0400000|100%| O|  |TAMS 0x00000000c0300000, 0x00000000c0300000| Untracked 
|   4|0x00000000c0400000, 0x00000000c0500000, 0x00000000c0500000|100%| O|  |TAMS 0x00000000c0400000, 0x00000000c0400000| Untracked 
|   5|0x00000000c0500000, 0x00000000c05f2c00, 0x00000000c0600000| 94%| O|  |TAMS 0x00000000c0500000, 0x00000000c0500000| Untracked 
|   6|0x00000000c0600000, 0x00000000c0600000, 0x00000000c0700000|  0%| F|  |TAMS 0x00000000c0600000, 0x00000000c0600000| Untracked 
|   7|0x00000000c0700000, 0x00000000c0700000, 0x00000000c0800000|  0%| F|  |TAMS 0x00000000c0700000, 0x00000000c0700000| Untracked 
|   8|0x00000000c0800000, 0x00000000c0800000, 0x00000000c0900000|  0%| F|  |TAMS 0x00000000c0800000, 0x00000000c0800000| Untracked 
|   9|0x00000000c0900000, 0x00000000c0900000, 0x00000000c0a00000|  0%| F|  |TAMS 0x00000000c0900000, 0x00000000c0900000| Untracked 
|  10|0x00000000c0a00000, 0x00000000c0a00000, 0x00000000c0b00000|  0%| F|  |TAMS 0x00000000c0a00000, 0x00000000c0a00000| Untracked 
|  11|0x00000000c0b00000, 0x00000000c0b00000, 0x00000000c0c00000|  0%| F|  |TAMS 0x00000000c0b00000, 0x00000000c0b00000| Untracked 
|  12|0x00000000c0c00000, 0x00000000c0c00000, 0x00000000c0d00000|  0%| F|  |TAMS 0x00000000c0c00000, 0x00000000c0c00000| Untracked 
|  13|0x00000000c0d00000, 0x00000000c0d00000, 0x00000000c0e00000|  0%| F|  |TAMS 0x00000000c0d00000, 0x00000000c0d00000| Untracked 
|  14|0x00000000c0e00000, 0x00000000c0e00000, 0x00000000c0f00000|  0%| F|  |TAMS 0x00000000c0e00000, 0x00000000c0e00000| Untracked 
|  15|0x00000000c0f00000, 0x00000000c0f00000, 0x00000000c1000000|  0%| F|  |TAMS 0x00000000c0f00000, 0x00000000c0f00000| Untracked 
|  16|0x00000000c1000000, 0x00000000c1000000, 0x00000000c1100000|  0%| F|  |TAMS 0x00000000c1000000, 0x00000000c1000000| Untracked 
|  17|0x00000000c1100000, 0x00000000c1100000, 0x00000000c1200000|  0%| F|  |TAMS 0x00000000c1100000, 0x00000000c1100000| Untracked 
|  18|0x00000000c1200000, 0x00000000c1200000, 0x00000000c1300000|  0%| F|  |TAMS 0x00000000c1200000, 0x00000000c1200000| Untracked 
|  19|0x00000000c1300000, 0x00000000c1300000, 0x00000000c1400000|  0%| F|  |TAMS 0x00000000c1300000, 0x00000000c1300000| Untracked 
|  20|0x00000000c1400000, 0x00000000c1400000, 0x00000000c1500000|  0%| F|  |TAMS 0x00000000c1400000, 0x00000000c1400000| Untracked 
|  21|0x00000000c1500000, 0x00000000c1500000, 0x00000000c1600000|  0%| F|  |TAMS 0x00000000c1500000, 0x00000000c1500000| Untracked 
|  22|0x00000000c1600000, 0x00000000c1600000, 0x00000000c1700000|  0%| F|  |TAMS 0x00000000c1600000, 0x00000000c1600000| Untracked 
|  23|0x00000000c1700000, 0x00000000c1700000, 0x00000000c1800000|  0%| F|  |TAMS 0x00000000c1700000, 0x00000000c1700000| Untracked 
|  24|0x00000000c1800000, 0x00000000c1800000, 0x00000000c1900000|  0%| F|  |TAMS 0x00000000c1800000, 0x00000000c1800000| Untracked 
|  25|0x00000000c1900000, 0x00000000c1900000, 0x00000000c1a00000|  0%| F|  |TAMS 0x00000000c1900000, 0x00000000c1900000| Untracked 
|  26|0x00000000c1a00000, 0x00000000c1a00000, 0x00000000c1b00000|  0%| F|  |TAMS 0x00000000c1a00000, 0x00000000c1a00000| Untracked 
|  27|0x00000000c1b00000, 0x00000000c1b30980, 0x00000000c1c00000| 18%| S|CS|TAMS 0x00000000c1b00000, 0x00000000c1b00000| Complete 
|  28|0x00000000c1c00000, 0x00000000c1d00000, 0x00000000c1d00000|100%| S|CS|TAMS 0x00000000c1c00000, 0x00000000c1c00000| Complete 
|  29|0x00000000c1d00000, 0x00000000c1e00000, 0x00000000c1e00000|100%| S|CS|TAMS 0x00000000c1d00000, 0x00000000c1d00000| Complete 
|  30|0x00000000c1e00000, 0x00000000c1f00000, 0x00000000c1f00000|100%| S|CS|TAMS 0x00000000c1e00000, 0x00000000c1e00000| Complete 
|  31|0x00000000c1f00000, 0x00000000c1f00000, 0x00000000c2000000|  0%| F|  |TAMS 0x00000000c1f00000, 0x00000000c1f00000| Untracked 
|  32|0x00000000c2000000, 0x00000000c2000000, 0x00000000c2100000|  0%| F|  |TAMS 0x00000000c2000000, 0x00000000c2000000| Untracked 
|  33|0x00000000c2100000, 0x00000000c2100000, 0x00000000c2200000|  0%| F|  |TAMS 0x00000000c2100000, 0x00000000c2100000| Untracked 
|  34|0x00000000c2200000, 0x00000000c2200000, 0x00000000c2300000|  0%| F|  |TAMS 0x00000000c2200000, 0x00000000c2200000| Untracked 
|  35|0x00000000c2300000, 0x00000000c2300000, 0x00000000c2400000|  0%| F|  |TAMS 0x00000000c2300000, 0x00000000c2300000| Untracked 
|  36|0x00000000c2400000, 0x00000000c2400000, 0x00000000c2500000|  0%| F|  |TAMS 0x00000000c2400000, 0x00000000c2400000| Untracked 
|  37|0x00000000c2500000, 0x00000000c2500000, 0x00000000c2600000|  0%| F|  |TAMS 0x00000000c2500000, 0x00000000c2500000| Untracked 
|  38|0x00000000c2600000, 0x00000000c2600000, 0x00000000c2700000|  0%| F|  |TAMS 0x00000000c2600000, 0x00000000c2600000| Untracked 
|  39|0x00000000c2700000, 0x00000000c2800000, 0x00000000c2800000|100%| E|  |TAMS 0x00000000c2700000, 0x00000000c2700000| Complete 
|  40|0x00000000c2800000, 0x00000000c2900000, 0x00000000c2900000|100%| E|CS|TAMS 0x00000000c2800000, 0x00000000c2800000| Complete 
|  41|0x00000000c2900000, 0x00000000c2a00000, 0x00000000c2a00000|100%| E|CS|TAMS 0x00000000c2900000, 0x00000000c2900000| Complete 
|  42|0x00000000c2a00000, 0x00000000c2b00000, 0x00000000c2b00000|100%| E|CS|TAMS 0x00000000c2a00000, 0x00000000c2a00000| Complete 
|  43|0x00000000c2b00000, 0x00000000c2c00000, 0x00000000c2c00000|100%| E|CS|TAMS 0x00000000c2b00000, 0x00000000c2b00000| Complete 
|  44|0x00000000c2c00000, 0x00000000c2d00000, 0x00000000c2d00000|100%| E|CS|TAMS 0x00000000c2c00000, 0x00000000c2c00000| Complete 
|  45|0x00000000c2d00000, 0x00000000c2e00000, 0x00000000c2e00000|100%| E|CS|TAMS 0x00000000c2d00000, 0x00000000c2d00000| Complete 
|  46|0x00000000c2e00000, 0x00000000c2f00000, 0x00000000c2f00000|100%| E|CS|TAMS 0x00000000c2e00000, 0x00000000c2e00000| Complete 
|  47|0x00000000c2f00000, 0x00000000c3000000, 0x00000000c3000000|100%| E|CS|TAMS 0x00000000c2f00000, 0x00000000c2f00000| Complete 
|  48|0x00000000c3000000, 0x00000000c3100000, 0x00000000c3100000|100%| E|CS|TAMS 0x00000000c3000000, 0x00000000c3000000| Complete 
|  49|0x00000000c3100000, 0x00000000c3200000, 0x00000000c3200000|100%| E|CS|TAMS 0x00000000c3100000, 0x00000000c3100000| Complete 
|  50|0x00000000c3200000, 0x00000000c3300000, 0x00000000c3300000|100%| E|CS|TAMS 0x00000000c3200000, 0x00000000c3200000| Complete 
|  51|0x00000000c3300000, 0x00000000c3400000, 0x00000000c3400000|100%| E|CS|TAMS 0x00000000c3300000, 0x00000000c3300000| Complete 
|  52|0x00000000c3400000, 0x00000000c3500000, 0x00000000c3500000|100%| E|CS|TAMS 0x00000000c3400000, 0x00000000c3400000| Complete 
|  53|0x00000000c3500000, 0x00000000c3600000, 0x00000000c3600000|100%| E|CS|TAMS 0x00000000c3500000, 0x00000000c3500000| Complete 
|  54|0x00000000c3600000, 0x00000000c3700000, 0x00000000c3700000|100%| E|CS|TAMS 0x00000000c3600000, 0x00000000c3600000| Complete 
|  55|0x00000000c3700000, 0x00000000c3800000, 0x00000000c3800000|100%| E|CS|TAMS 0x00000000c3700000, 0x00000000c3700000| Complete 
|  56|0x00000000c3800000, 0x00000000c3900000, 0x00000000c3900000|100%| E|CS|TAMS 0x00000000c3800000, 0x00000000c3800000| Complete 
|  57|0x00000000c3900000, 0x00000000c3a00000, 0x00000000c3a00000|100%| E|CS|TAMS 0x00000000c3900000, 0x00000000c3900000| Complete 
|  58|0x00000000c3a00000, 0x00000000c3b00000, 0x00000000c3b00000|100%| E|CS|TAMS 0x00000000c3a00000, 0x00000000c3a00000| Complete 
|  59|0x00000000c3b00000, 0x00000000c3c00000, 0x00000000c3c00000|100%| E|CS|TAMS 0x00000000c3b00000, 0x00000000c3b00000| Complete 
|  60|0x00000000c3c00000, 0x00000000c3d00000, 0x00000000c3d00000|100%| E|CS|TAMS 0x00000000c3c00000, 0x00000000c3c00000| Complete 
|  61|0x00000000c3d00000, 0x00000000c3e00000, 0x00000000c3e00000|100%| E|CS|TAMS 0x00000000c3d00000, 0x00000000c3d00000| Complete 
|  62|0x00000000c3e00000, 0x00000000c3f00000, 0x00000000c3f00000|100%| E|CS|TAMS 0x00000000c3e00000, 0x00000000c3e00000| Complete 
|  63|0x00000000c3f00000, 0x00000000c4000000, 0x00000000c4000000|100%| E|CS|TAMS 0x00000000c3f00000, 0x00000000c3f00000| Complete 
|  64|0x00000000c4000000, 0x00000000c4100000, 0x00000000c4100000|100%| E|CS|TAMS 0x00000000c4000000, 0x00000000c4000000| Complete 
|  65|0x00000000c4100000, 0x00000000c4200000, 0x00000000c4200000|100%| E|CS|TAMS 0x00000000c4100000, 0x00000000c4100000| Complete 
|  66|0x00000000c4200000, 0x00000000c4300000, 0x00000000c4300000|100%| E|CS|TAMS 0x00000000c4200000, 0x00000000c4200000| Complete 
|  67|0x00000000c4300000, 0x00000000c4400000, 0x00000000c4400000|100%| E|CS|TAMS 0x00000000c4300000, 0x00000000c4300000| Complete 
|  68|0x00000000c4400000, 0x00000000c4500000, 0x00000000c4500000|100%| E|CS|TAMS 0x00000000c4400000, 0x00000000c4400000| Complete 
|  69|0x00000000c4500000, 0x00000000c4600000, 0x00000000c4600000|100%| E|CS|TAMS 0x00000000c4500000, 0x00000000c4500000| Complete 
|  70|0x00000000c4600000, 0x00000000c4700000, 0x00000000c4700000|100%| E|CS|TAMS 0x00000000c4600000, 0x00000000c4600000| Complete 
|  71|0x00000000c4700000, 0x00000000c4800000, 0x00000000c4800000|100%| E|CS|TAMS 0x00000000c4700000, 0x00000000c4700000| Complete 
|  72|0x00000000c4800000, 0x00000000c4900000, 0x00000000c4900000|100%| E|CS|TAMS 0x00000000c4800000, 0x00000000c4800000| Complete 
|  73|0x00000000c4900000, 0x00000000c4a00000, 0x00000000c4a00000|100%| E|CS|TAMS 0x00000000c4900000, 0x00000000c4900000| Complete 
|  74|0x00000000c4a00000, 0x00000000c4b00000, 0x00000000c4b00000|100%| E|CS|TAMS 0x00000000c4a00000, 0x00000000c4a00000| Complete 
|  75|0x00000000c4b00000, 0x00000000c4c00000, 0x00000000c4c00000|100%| E|CS|TAMS 0x00000000c4b00000, 0x00000000c4b00000| Complete 
|  76|0x00000000c4c00000, 0x00000000c4d00000, 0x00000000c4d00000|100%| E|CS|TAMS 0x00000000c4c00000, 0x00000000c4c00000| Complete 

Card table byte_map: [0x0000024a4ef30000,0x0000024a4f130000] _byte_map_base: 0x0000024a4e930000

Marking Bits (Prev, Next): (CMBitMap*) 0x0000024a37b60738, (CMBitMap*) 0x0000024a37b60778
 Prev Bits: [0x0000024a4f330000, 0x0000024a50330000)
 Next Bits: [0x0000024a50330000, 0x0000024a51330000)

Polling page: 0x0000024a359a0000

Metaspace:

Usage:
  Non-class:     16.27 MB capacity,    15.96 MB ( 98%) used,   262.48 KB (  2%) free+waste,    53.44 KB ( <1%) overhead. 
      Class:      2.50 MB capacity,     2.33 MB ( 93%) used,   152.79 KB (  6%) free+waste,    27.13 KB (  1%) overhead. 
       Both:     18.78 MB capacity,    18.29 MB ( 97%) used,   415.27 KB (  2%) free+waste,    80.56 KB ( <1%) overhead. 

Virtual space:
  Non-class space:       18.00 MB reserved,      16.50 MB ( 92%) committed 
      Class space:        1.00 GB reserved,       2.63 MB ( <1%) committed 
             Both:        1.02 GB reserved,      19.13 MB (  2%) committed 

Chunk freelists:
   Non-Class:  5.25 KB
       Class:  0 bytes
        Both:  5.25 KB

CodeHeap 'non-profiled nmethods': size=120064Kb used=863Kb max_used=863Kb free=119200Kb
 bounds [0x0000024a479f0000, 0x0000024a47c60000, 0x0000024a4ef30000]
CodeHeap 'profiled nmethods': size=120000Kb used=4566Kb max_used=4566Kb free=115433Kb
 bounds [0x0000024a404c0000, 0x0000024a40940000, 0x0000024a479f0000]
CodeHeap 'non-nmethods': size=5696Kb used=1173Kb max_used=1197Kb free=4522Kb
 bounds [0x0000024a3ff30000, 0x0000024a401a0000, 0x0000024a404c0000]
 total_blobs=3142 nmethods=2182 adapters=394
 compilation: enabled
              stopped_count=0, restarted_count=0
 full_count=0

Compilation events (10 events):
Event: 5.687 Thread 0x0000024a53614000 2186       2       org.springframework.core.type.classreading.SimpleMethodMetadataReadingVisitor::<init> (52 bytes)
Event: 5.688 Thread 0x0000024a53614000 nmethod 2186 0x0000024a40934110 code [0x0000024a40934300, 0x0000024a409347c0]
Event: 5.688 Thread 0x0000024a53614000 2187       2       org.springframework.asm.MethodVisitor::<init> (66 bytes)
Event: 5.688 Thread 0x0000024a53614000 nmethod 2187 0x0000024a40934910 code [0x0000024a40934b20, 0x0000024a40935060]
Event: 5.691 Thread 0x0000024a53614000 2188       1       org.springframework.core.type.classreading.SimpleMetadataReader::getAnnotationMetadata (5 bytes)
Event: 5.691 Thread 0x0000024a53614000 nmethod 2188 0x0000024a47ac7810 code [0x0000024a47ac79c0, 0x0000024a47ac7af8]
Event: 5.721 Thread 0x0000024a53614000 2189       2       org.springframework.context.annotation.ClassPathScanningCandidateComponentProvider::getMetadataReaderFactory (23 bytes)
Event: 5.722 Thread 0x0000024a53614000 nmethod 2189 0x0000024a40935290 code [0x0000024a40935460, 0x0000024a409357e0]
Event: 5.724 Thread 0x0000024a53614000 2190       1       org.springframework.core.type.classreading.SimpleAnnotationMetadata::getClassName (5 bytes)
Event: 5.724 Thread 0x0000024a53614000 nmethod 2190 0x0000024a47ac7b90 code [0x0000024a47ac7d40, 0x0000024a47ac7e78]

GC Heap History (10 events):
Event: 1.189 GC heap before
{Heap before GC invocations=1 (full 0):
 garbage-first heap   total 65536K, used 8650K [0x00000000c0000000, 0x0000000100000000)
  region size 1024K, 4 young (4096K), 1 survivors (1024K)
 Metaspace       used 2009K, capacity 5063K, committed 5120K, reserved 1056768K
  class space    used 188K, capacity 474K, committed 512K, reserved 1048576K
}
Event: 1.193 GC heap after
{Heap after GC invocations=2 (full 0):
 garbage-first heap   total 65536K, used 6139K [0x00000000c0000000, 0x0000000100000000)
  region size 1024K, 1 young (1024K), 1 survivors (1024K)
 Metaspace       used 2009K, capacity 5063K, committed 5120K, reserved 1056768K
  class space    used 188K, capacity 474K, committed 512K, reserved 1048576K
}
Event: 1.837 GC heap before
{Heap before GC invocations=2 (full 0):
 garbage-first heap   total 65536K, used 16379K [0x00000000c0000000, 0x0000000100000000)
  region size 1024K, 11 young (11264K), 1 survivors (1024K)
 Metaspace       used 4286K, capacity 6499K, committed 6656K, reserved 1056768K
  class space    used 458K, capacity 678K, committed 768K, reserved 1048576K
}
Event: 1.843 GC heap after
{Heap after GC invocations=3 (full 0):
 garbage-first heap   total 65536K, used 6965K [0x00000000c0000000, 0x0000000100000000)
  region size 1024K, 2 young (2048K), 2 survivors (2048K)
 Metaspace       used 4286K, capacity 6499K, committed 6656K, reserved 1056768K
  class space    used 458K, capacity 678K, committed 768K, reserved 1048576K
}
Event: 1.939 GC heap before
{Heap before GC invocations=3 (full 0):
 garbage-first heap   total 65536K, used 20277K [0x00000000c0000000, 0x0000000100000000)
  region size 1024K, 16 young (16384K), 2 survivors (2048K)
 Metaspace       used 4442K, capacity 6522K, committed 6656K, reserved 1056768K
  class space    used 477K, capacity 686K, committed 768K, reserved 1048576K
}
Event: 1.945 GC heap after
{Heap after GC invocations=4 (full 0):
 garbage-first heap   total 65536K, used 7240K [0x00000000c0000000, 0x0000000100000000)
  region size 1024K, 2 young (2048K), 2 survivors (2048K)
 Metaspace       used 4442K, capacity 6522K, committed 6656K, reserved 1056768K
  class space    used 477K, capacity 686K, committed 768K, reserved 1048576K
}
Event: 2.041 GC heap before
{Heap before GC invocations=4 (full 0):
 garbage-first heap   total 65536K, used 31816K [0x00000000c0000000, 0x0000000100000000)
  region size 1024K, 27 young (27648K), 2 survivors (2048K)
 Metaspace       used 4502K, capacity 6525K, committed 6656K, reserved 1056768K
  class space    used 484K, capacity 687K, committed 768K, reserved 1048576K
}
Event: 2.046 GC heap after
{Heap after GC invocations=5 (full 0):
 garbage-first heap   total 78848K, used 7115K [0x00000000c0000000, 0x0000000100000000)
  region size 1024K, 1 young (1024K), 1 survivors (1024K)
 Metaspace       used 4502K, capacity 6525K, committed 6656K, reserved 1056768K
  class space    used 484K, capacity 687K, committed 768K, reserved 1048576K
}
Event: 3.304 GC heap before
{Heap before GC invocations=5 (full 0):
 garbage-first heap   total 78848K, used 52171K [0x00000000c0000000, 0x0000000100000000)
  region size 1024K, 46 young (47104K), 1 survivors (1024K)
 Metaspace       used 11687K, capacity 12119K, committed 12160K, reserved 1060864K
  class space    used 1497K, capacity 1626K, committed 1664K, reserved 1048576K
}
Event: 3.317 GC heap after
{Heap after GC invocations=6 (full 0):
 garbage-first heap   total 78848K, used 9357K [0x00000000c0000000, 0x0000000100000000)
  region size 1024K, 4 young (4096K), 4 survivors (4096K)
 Metaspace       used 11687K, capacity 12119K, committed 12160K, reserved 1060864K
  class space    used 1497K, capacity 1626K, committed 1664K, reserved 1048576K
}

Deoptimization events (10 events):
Event: 4.910 Thread 0x0000024a549f6000 Uncommon trap: reason=class_check action=maybe_recompile pc=0x0000024a47ab5168 method=java.util.HashMap.putVal(ILjava/lang/Object;Ljava/lang/Object;ZZ)Ljava/lang/Object; @ 203 c2
Event: 4.936 Thread 0x0000024a549f6000 Uncommon trap: reason=class_check action=maybe_recompile pc=0x0000024a47a42040 method=java.lang.String.equals(Ljava/lang/Object;)Z @ 8 c2
Event: 4.936 Thread 0x0000024a549f6000 Uncommon trap: reason=class_check action=maybe_recompile pc=0x0000024a47a42040 method=java.lang.String.equals(Ljava/lang/Object;)Z @ 8 c2
Event: 4.936 Thread 0x0000024a549f6000 Uncommon trap: reason=class_check action=maybe_recompile pc=0x0000024a47a42040 method=java.lang.String.equals(Ljava/lang/Object;)Z @ 8 c2
Event: 5.443 Thread 0x0000024a549f6000 Uncommon trap: reason=unstable_if action=reinterpret pc=0x0000024a47a11fa0 method=java.util.zip.ZipFile$Source.getEntryPos([BZ)I @ 156 c2
Event: 5.449 Thread 0x0000024a549f6000 Uncommon trap: reason=unstable_if action=reinterpret pc=0x0000024a47a4176c method=java.net.URI.match(CJJ)Z @ 19 c2
Event: 5.454 Thread 0x0000024a549f6000 Uncommon trap: reason=class_check action=maybe_recompile pc=0x0000024a47a426f8 method=java.lang.Character.toLowerCase(I)I @ 5 c2
Event: 5.454 Thread 0x0000024a549f6000 Uncommon trap: reason=class_check action=maybe_recompile pc=0x0000024a47a426f8 method=java.lang.Character.toLowerCase(I)I @ 5 c2
Event: 5.454 Thread 0x0000024a549f6000 Uncommon trap: reason=class_check action=maybe_recompile pc=0x0000024a47a426f8 method=java.lang.Character.toLowerCase(I)I @ 5 c2
Event: 5.454 Thread 0x0000024a549f6000 Uncommon trap: reason=class_check action=maybe_recompile pc=0x0000024a47a426f8 method=java.lang.Character.toLowerCase(I)I @ 5 c2

Classes redefined (0 events):
No events

Internal exceptions (10 events):
Event: 5.175 Thread 0x0000024a549f6000 Exception <a 'java/lang/ClassNotFoundException'{0x00000000c2c3e348}: org/springframework/beans/factory/support/BeanDefinitionRegistryPostProcessorCustomizer> (0x00000000c2c3e348) thrown at [t:/workspace/open/src/hotspot/share/classfile/systemDictionary.cp
Event: 5.383 Thread 0x0000024a549f6000 Exception <a 'java/lang/ClassNotFoundException'{0x00000000c2c4e6c8}: org/springframework/beans/factory/config/BeanFactoryPostProcessorCustomizer> (0x00000000c2c4e6c8) thrown at [t:/workspace/open/src/hotspot/share/classfile/systemDictionary.cpp, line 235]
Event: 5.384 Thread 0x0000024a549f6000 Exception <a 'java/lang/ClassNotFoundException'{0x00000000c2c5bda8}: org/springframework/core/PriorityOrderedCustomizer> (0x00000000c2c5bda8) thrown at [t:/workspace/open/src/hotspot/share/classfile/systemDictionary.cpp, line 235]
Event: 5.385 Thread 0x0000024a549f6000 Exception <a 'java/lang/ClassNotFoundException'{0x00000000c2c67160}: org/springframework/core/OrderedCustomizer> (0x00000000c2c67160) thrown at [t:/workspace/open/src/hotspot/share/classfile/systemDictionary.cpp, line 235]
Event: 5.388 Thread 0x0000024a549f6000 Exception <a 'java/lang/ClassNotFoundException'{0x00000000c2c74c00}: org/springframework/context/ResourceLoaderAwareCustomizer> (0x00000000c2c74c00) thrown at [t:/workspace/open/src/hotspot/share/classfile/systemDictionary.cpp, line 235]
Event: 5.389 Thread 0x0000024a549f6000 Exception <a 'java/lang/ClassNotFoundException'{0x00000000c2c81ab8}: org/springframework/beans/factory/AwareCustomizer> (0x00000000c2c81ab8) thrown at [t:/workspace/open/src/hotspot/share/classfile/systemDictionary.cpp, line 235]
Event: 5.389 Thread 0x0000024a549f6000 Exception <a 'java/lang/ClassNotFoundException'{0x00000000c2c8f420}: org/springframework/beans/factory/BeanClassLoaderAwareCustomizer> (0x00000000c2c8f420) thrown at [t:/workspace/open/src/hotspot/share/classfile/systemDictionary.cpp, line 235]
Event: 5.390 Thread 0x0000024a549f6000 Exception <a 'java/lang/ClassNotFoundException'{0x00000000c2c9c2f0}: org/springframework/beans/factory/AwareCustomizer> (0x00000000c2c9c2f0) thrown at [t:/workspace/open/src/hotspot/share/classfile/systemDictionary.cpp, line 235]
Event: 5.390 Thread 0x0000024a549f6000 Exception <a 'java/lang/ClassNotFoundException'{0x00000000c2ca8c58}: org/springframework/context/EnvironmentAwareCustomizer> (0x00000000c2ca8c58) thrown at [t:/workspace/open/src/hotspot/share/classfile/systemDictionary.cpp, line 235]
Event: 5.392 Thread 0x0000024a549f6000 Exception <a 'java/lang/ClassNotFoundException'{0x00000000c2cb5cc0}: org/springframework/beans/factory/AwareCustomizer> (0x00000000c2cb5cc0) thrown at [t:/workspace/open/src/hotspot/share/classfile/systemDictionary.cpp, line 235]

Events (10 events):
Event: 5.653 loading class java/lang/TypeNotPresentException
Event: 5.653 loading class java/lang/TypeNotPresentException done
Event: 5.654 loading class javax/enterprise/util/Nonbinding
Event: 5.654 loading class javax/enterprise/util/Nonbinding done
Event: 5.654 loading class javax/interceptor/InterceptorBinding
Event: 5.654 loading class javax/interceptor/InterceptorBinding done
Event: 5.655 loading class org/springframework/data/jpa/repository/Modifying
Event: 5.655 loading class org/springframework/data/jpa/repository/Modifying done
Event: 5.720 loading class org/springframework/stereotype/Service
Event: 5.720 loading class org/springframework/stereotype/Service done


Dynamic libraries:
0x00007ff7b0860000 - 0x00007ff7b086f000 	C:\ymy\jdk-12.0.1\bin\java.exe
0x00007ffa44800000 - 0x00007ffa449ed000 	C:\Windows\SYSTEM32\ntdll.dll
0x00007ffa43340000 - 0x00007ffa433f3000 	C:\Windows\System32\KERNEL32.DLL
0x00007ffa41780000 - 0x00007ffa41a13000 	C:\Windows\System32\KERNELBASE.dll
0x00007ffa408c0000 - 0x00007ffa409ba000 	C:\Windows\System32\ucrtbase.dll
0x00007ffa36200000 - 0x00007ffa36218000 	C:\ymy\jdk-12.0.1\bin\jli.dll
0x00007ffa35760000 - 0x00007ffa35776000 	C:\ymy\jdk-12.0.1\bin\VCRUNTIME140.dll
0x00007ffa43120000 - 0x00007ffa431c3000 	C:\Windows\System32\ADVAPI32.dll
0x00007ffa41b80000 - 0x00007ffa41c1e000 	C:\Windows\System32\msvcrt.dll
0x00007ffa43650000 - 0x00007ffa436ee000 	C:\Windows\System32\sechost.dll
0x00007ffa442e0000 - 0x00007ffa44402000 	C:\Windows\System32\RPCRT4.dll
0x00007ffa43430000 - 0x00007ffa435c7000 	C:\Windows\System32\USER32.dll
0x00007ffa41700000 - 0x00007ffa41720000 	C:\Windows\System32\win32u.dll
0x00007ffa43400000 - 0x00007ffa43429000 	C:\Windows\System32\GDI32.dll
0x00007ffa40b40000 - 0x00007ffa40cd9000 	C:\Windows\System32\gdi32full.dll
0x00007ffa409f0000 - 0x00007ffa40a90000 	C:\Windows\System32\msvcp_win.dll
0x00007ffa358e0000 - 0x00007ffa35b59000 	C:\Windows\WinSxS\amd64_microsoft.windows.common-controls_6595b64144ccf1df_6.0.17763.802_none_05b1445c0722d2cc\COMCTL32.dll
0x00007ffa43bf0000 - 0x00007ffa43f1c000 	C:\Windows\System32\combase.dll
0x00007ffa41630000 - 0x00007ffa416ae000 	C:\Windows\System32\bcryptPrimitives.dll
0x00007ffa36a10000 - 0x00007ffa36a1a000 	C:\Windows\SYSTEM32\VERSION.dll
0x00007ffa447a0000 - 0x00007ffa447ce000 	C:\Windows\System32\IMM32.DLL
0x00007ffa2d9e0000 - 0x00007ffa2da8a000 	C:\ymy\jdk-12.0.1\bin\msvcp140.dll
0x00007ffa28bf0000 - 0x00007ffa29764000 	C:\ymy\jdk-12.0.1\bin\server\jvm.dll
0x00007ffa43f90000 - 0x00007ffa43f98000 	C:\Windows\System32\PSAPI.DLL
0x00007ffa242a0000 - 0x00007ffa242a9000 	C:\Windows\SYSTEM32\WSOCK32.dll
0x00007ffa43f20000 - 0x00007ffa43f8d000 	C:\Windows\System32\WS2_32.dll
0x00007ffa3e500000 - 0x00007ffa3e524000 	C:\Windows\SYSTEM32\WINMM.dll
0x00007ffa3e3e0000 - 0x00007ffa3e40d000 	C:\Windows\SYSTEM32\WINMMBASE.dll
0x00007ffa416b0000 - 0x00007ffa416fa000 	C:\Windows\System32\cfgmgr32.dll
0x00007ffa407f0000 - 0x00007ffa40801000 	C:\Windows\System32\kernel.appcore.dll
0x00007ffa35650000 - 0x00007ffa35661000 	C:\ymy\jdk-12.0.1\bin\verify.dll
0x00007ffa35170000 - 0x00007ffa3535d000 	C:\Windows\SYSTEM32\DBGHELP.DLL
0x00007ffa35140000 - 0x00007ffa3516a000 	C:\Windows\SYSTEM32\dbgcore.DLL
0x00007ffa324b0000 - 0x00007ffa324d6000 	C:\ymy\jdk-12.0.1\bin\java.dll
0x00007ffa355c0000 - 0x00007ffa355ce000 	C:\ymy\jdk-12.0.1\bin\instrument.dll
0x00007ffa32290000 - 0x00007ffa322a7000 	C:\ymy\jdk-12.0.1\bin\zip.dll
0x00007ffa35c50000 - 0x00007ffa35c5a000 	C:\ymy\jdk-12.0.1\bin\jimage.dll
0x00007ffa41c20000 - 0x00007ffa43114000 	C:\Windows\System32\SHELL32.dll
0x00007ffa44060000 - 0x00007ffa44108000 	C:\Windows\System32\shcore.dll
0x00007ffa40d00000 - 0x00007ffa4144d000 	C:\Windows\System32\windows.storage.dll
0x00007ffa40890000 - 0x00007ffa408b4000 	C:\Windows\System32\profapi.dll
0x00007ffa40810000 - 0x00007ffa4086d000 	C:\Windows\System32\powrprof.dll
0x00007ffa43fa0000 - 0x00007ffa43ff2000 	C:\Windows\System32\shlwapi.dll
0x00007ffa40ce0000 - 0x00007ffa40cf7000 	C:\Windows\System32\cryptsp.dll
0x00007ffa32050000 - 0x00007ffa32069000 	C:\ymy\jdk-12.0.1\bin\net.dll
0x00007ffa3a320000 - 0x00007ffa3a412000 	C:\Windows\SYSTEM32\WINHTTP.dll
0x00007ffa38d70000 - 0x00007ffa38f47000 	C:\Windows\SYSTEM32\urlmon.dll
0x00007ffa3ad20000 - 0x00007ffa3afc8000 	C:\Windows\SYSTEM32\iertutil.dll
0x00007ffa401d0000 - 0x00007ffa401dc000 	C:\Windows\SYSTEM32\CRYPTBASE.DLL
0x00007ffa40000000 - 0x00007ffa40067000 	C:\Windows\system32\mswsock.dll
0x00007ffa32030000 - 0x00007ffa32043000 	C:\ymy\jdk-12.0.1\bin\nio.dll
0x00007ffa32c80000 - 0x00007ffa32c9a000 	C:\ymy\IntelliJ IDEA Community Edition 2019.3.2\bin\breakgen64.dll
0x00007ffa324a0000 - 0x00007ffa324a9000 	C:\ymy\jdk-12.0.1\bin\management.dll
0x00007ffa30e30000 - 0x00007ffa30e3c000 	C:\ymy\jdk-12.0.1\bin\management_ext.dll
0x00007ffa33d10000 - 0x00007ffa33d26000 	C:\Windows\system32\napinsp.dll
0x00007ffa3fd60000 - 0x00007ffa3fe26000 	C:\Windows\SYSTEM32\DNSAPI.dll
0x00007ffa41b70000 - 0x00007ffa41b78000 	C:\Windows\System32\NSI.dll
0x00007ffa3fd20000 - 0x00007ffa3fd5d000 	C:\Windows\SYSTEM32\IPHLPAPI.DLL
0x00007ffa33d00000 - 0x00007ffa33d0e000 	C:\Windows\System32\winrnr.dll
0x00007ffa38a90000 - 0x00007ffa38aab000 	C:\Windows\system32\NLAapi.dll
0x00007ffa33400000 - 0x00007ffa33415000 	C:\Windows\system32\wshbth.dll
0x00007ffa3afd0000 - 0x00007ffa3afda000 	C:\Windows\System32\rasadhlp.dll
0x00007ffa39720000 - 0x00007ffa39799000 	C:\Windows\System32\fwpuclnt.dll
0x00007ffa409c0000 - 0x00007ffa409e6000 	C:\Windows\System32\bcrypt.dll

dbghelp: loaded successfully - version: 4.0.5 - missing functions: none
symbol engine: initialized successfully - sym options: 0x614 - pdb path: .;C:\ymy\jdk-12.0.1\bin;C:\Windows\SYSTEM32;C:\Windows\WinSxS\amd64_microsoft.windows.common-controls_6595b64144ccf1df_6.0.17763.802_none_05b1445c0722d2cc;C:\ymy\jdk-12.0.1\bin\server;C:\ymy\IntelliJ IDEA Community Edition 2019.3.2\bin

VM Arguments:
jvm_args: -javaagent:C:\ymy\IntelliJ IDEA Community Edition 2019.3.2\lib\idea_rt.jar=65062:C:\ymy\IntelliJ IDEA Community Edition 2019.3.2\bin -Dfile.encoding=UTF-8 
java_command: com.ymy.graduation.GraduationApplication
java_class_path (initial): C:\ymy\毕设后端\Graduation\target\classes;C:\Users\Administrator\.m2\repository\org\springframework\boot\spring-boot-starter-data-jpa\2.2.2.RELEASE\spring-boot-starter-data-jpa-2.2.2.RELEASE.jar;C:\Users\Administrator\.m2\repository\org\springframework\boot\spring-boot-starter-aop\2.2.2.RELEASE\spring-boot-starter-aop-2.2.2.RELEASE.jar;C:\Users\Administrator\.m2\repository\org\springframework\spring-aop\5.2.2.RELEASE\spring-aop-5.2.2.RELEASE.jar;C:\Users\Administrator\.m2\repository\org\aspectj\aspectjweaver\1.9.5\aspectjweaver-1.9.5.jar;C:\Users\Administrator\.m2\repository\org\springframework\boot\spring-boot-starter-jdbc\2.2.2.RELEASE\spring-boot-starter-jdbc-2.2.2.RELEASE.jar;C:\Users\Administrator\.m2\repository\com\zaxxer\HikariCP\3.4.1\HikariCP-3.4.1.jar;C:\Users\Administrator\.m2\repository\org\springframework\spring-jdbc\5.2.2.RELEASE\spring-jdbc-5.2.2.RELEASE.jar;C:\Users\Administrator\.m2\repository\jakarta\activation\jakarta.activation-api\1.2.1\jakarta.activation-api-1.2.1.jar;C:\Users\Administrator\.m2\repository\jakarta\persistence\jakarta.persistence-api\2.2.3\jakarta.persistence-api-2.2.3.jar;C:\Users\Administrator\.m2\repository\jakarta\transaction\jakarta.transaction-api\1.3.3\jakarta.transaction-api-1.3.3.jar;C:\Users\Administrator\.m2\repository\org\hibernate\hibernate-core\5.4.9.Final\hibernate-core-5.4.9.Final.jar;C:\Users\Administrator\.m2\repository\net\bytebuddy\byte-buddy\1.10.4\byte-buddy-1.10.4.jar;C:\Users\Administrator\.m2\repository\antlr\antlr\2.7.7\antlr-2.7.7.jar;C:\Users\Administrator\.m2\repository\org\jboss\jandex\2.1.1.Final\jandex-2.1.1.Final.jar;C:\Users\Administrator\.m2\repository\com\fasterxml\classmate\1.5.1\classmate-1.5.1.jar;C:\Users\Administrator\.m2\repository\org\dom4j\dom4j\2.1.1\dom4j-2.1.1.jar;C:\Users\Administrator\.m2\repository\org\glassfish\jaxb\jaxb-runtime\2.3.2\jaxb-runtime-2.3.2.jar;C:\Users\Administrator\.m2\repository\org\glassfish\jaxb\txw2\2.3.2\txw2-2.3.2.jar;C:\Users\Adm
Launcher Type: SUN_STANDARD

[Global flags]
     intx CICompilerCount                          = 2                                         {product} {ergonomic}
     uint ConcGCThreads                            = 1                                         {product} {ergonomic}
     uint G1ConcRefinementThreads                  = 2                                         {product} {ergonomic}
   size_t G1HeapRegionSize                         = 1048576                                   {product} {ergonomic}
    uintx GCDrainStackTargetSize                   = 64                                        {product} {ergonomic}
   size_t InitialHeapSize                          = 67108864                                  {product} {ergonomic}
   size_t MarkStackSize                            = 4194304                                   {product} {ergonomic}
   size_t MaxHeapSize                              = 1073741824                                {product} {ergonomic}
   size_t MaxNewSize                               = 643825664                                 {product} {ergonomic}
   size_t MinHeapDeltaBytes                        = 1048576                                   {product} {ergonomic}
    uintx NonNMethodCodeHeapSize                   = 5825164                                {pd product} {ergonomic}
    uintx NonProfiledCodeHeapSize                  = 122916538                              {pd product} {ergonomic}
    uintx ProfiledCodeHeapSize                     = 122916538                              {pd product} {ergonomic}
    uintx ReservedCodeCacheSize                    = 251658240                              {pd product} {ergonomic}
     bool SegmentedCodeCache                       = true                                      {product} {ergonomic}
     bool UseCompressedClassPointers               = true                                 {lp64_product} {ergonomic}
     bool UseCompressedOops                        = true                                 {lp64_product} {ergonomic}
     bool UseG1GC                                  = true                                      {product} {ergonomic}
     bool UseLargePagesIndividualAllocation        = false                                  {pd product} {ergonomic}

Logging:
Log output configuration:
 #0: stdout all=warning uptime,level,tags
 #1: stderr all=off uptime,level,tags

Environment Variables:
PATH=C:\ProgramData\Oracle\Java\javapath;C:\Windows\system32;C:\Windows;C:\Windows\System32\Wbem;C:\Windows\System32\WindowsPowerShell\v1.0\;C:\Windows\System32\OpenSSH\;C:\Users\Administrator\AppData\Local\Microsoft\WindowsApps;;C:\ymy\IntelliJ IDEA 2019.3.1\bin;;C:\Program Files\Bandizip\;C:\ymy\IntelliJ IDEA Community Edition 2019.3.2\bin;
USERNAME=Administrator
OS=Windows_NT
PROCESSOR_IDENTIFIER=Intel64 Family 6 Model 85 Stepping 4, GenuineIntel



---------------  S Y S T E M  ---------------

OS: Windows Server 2019 , 64 bit Build 17763 (10.0.17763.475)

CPU:total 2 (initial active 2) (1 cores per cpu, 2 threads per core) family 6 model 85 stepping 4, cmov, cx8, fxsr, mmx, sse, sse2, sse3, ssse3, sse4.1, sse4.2, popcnt, avx, avx2, aes, clmul, erms, rtm, 3dnowpref, lzcnt, ht, tsc, bmi1, bmi2, adx, evex, fma

Memory: 4k page, system-wide physical 4095M (381M free)
TotalPageFile size 4607M (AvailPageFile size 5M)
current process WorkingSet (physical memory assigned to process): 153M, peak: 155M
current process commit charge ("private bytes"): 203M, peak: 204M

vm_info: Java HotSpot(TM) 64-Bit Server VM (12.0.1+12) for windows-amd64 JRE (12.0.1+12), built on Apr  2 2019 14:02:19 by "mach5one" with MS VC++ 15.5 (VS2017)

END.
