#
# There is insufficient memory for the Java Runtime Environment to continue.
# Native memory allocation (malloc) failed to allocate 537136 bytes for Chunk::new
# Possible reasons:
#   The system is out of physical RAM or swap space
#   The process is running with CompressedOops enabled, and the Java Heap may be blocking the growth of the native heap
# Possible solutions:
#   Reduce memory load on the system
#   Increase physical memory or swap space
#   Check if swap backing store is full
#   Decrease Java heap size (-Xmx/-Xms)
#   Decrease number of Java threads
#   Decrease Java thread stack sizes (-Xss)
#   Set larger code cache with -XX:ReservedCodeCacheSize=
#   JVM is running with Unscaled Compressed Oops mode in which the Java heap is
#     placed in the first 4GB address space. The Java Heap base address is the
#     maximum limit for the native heap growth. Please use -XX:HeapBaseMinAddress
#     to set the Java Heap base and to place the Java Heap above 4GB virtual address.
# This output file may be truncated or incomplete.
#
#  Out of Memory Error (t:/workspace/open/src/hotspot/share/memory/arena.cpp:197), pid=4404, tid=1356
#
# JRE version: Java(TM) SE Runtime Environment (12.0.1+12) (build 12.0.1+12)
# Java VM: Java HotSpot(TM) 64-Bit Server VM (12.0.1+12, mixed mode, sharing, tiered, compressed oops, g1 gc, windows-amd64)
# Core dump will be written. Default location: C:\ymy\毕设后端\Graduation\hs_err_pid4404.mdmp
#

---------------  S U M M A R Y ------------

Command Line: -javaagent:C:\ymy\IntelliJ IDEA Community Edition 2019.3.2\lib\idea_rt.jar=58835:C:\ymy\IntelliJ IDEA Community Edition 2019.3.2\bin -Dfile.encoding=UTF-8 com.ymy.graduation.GraduationApplication

Host: Intel(R) Xeon(R) Gold 6148 CPU @ 2.40GHz, 2 cores, 3G,  Windows Server 2019 , 64 bit Build 17763 (10.0.17763.475)
Time: Wed Feb 26 03:29:37 2020 ?D1ú±ê×?ê±?? elapsed time: 27239 seconds (0d 7h 33m 59s)

---------------  T H R E A D  ---------------

Current thread (0x000001d2bfab5800):  JavaThread "C2 CompilerThread0" daemon [_thread_in_native, id=1356, stack(0x000000a8b0700000,0x000000a8b0800000)]


Current CompileTask:
C2:27239631 8175   !   4       java.util.concurrent.ScheduledThreadPoolExecutor$DelayedWorkQueue::take (203 bytes)

Stack: [0x000000a8b0700000,0x000000a8b0800000]
Native frames: (J=compiled Java code, j=interpreted, Vv=VM code, C=native code)
V  [jvm.dll+0x63948a]
V  [jvm.dll+0x78b31f]
V  [jvm.dll+0x78c9c1]
V  [jvm.dll+0x78d013]
V  [jvm.dll+0x262138]
V  [jvm.dll+0xc582c]
V  [jvm.dll+0xc5dac]
V  [jvm.dll+0x379662]
V  [jvm.dll+0x345493]
V  [jvm.dll+0x34485a]
V  [jvm.dll+0x21c035]
V  [jvm.dll+0x21b20a]
V  [jvm.dll+0x199890]
V  [jvm.dll+0x22a534]
V  [jvm.dll+0x228b88]
V  [jvm.dll+0x74f660]
V  [jvm.dll+0x748648]
V  [jvm.dll+0x638566]
C  [ucrtbase.dll+0x21ffa]
C  [KERNEL32.DLL+0x17974]
C  [ntdll.dll+0x6a271]


---------------  P R O C E S S  ---------------

Threads class SMR info:
_java_thread_list=0x000001d2c33d5c90, length=31, elements={
0x000001d2bfa8f800, 0x000001d2bfa91000, 0x000001d2bfab2000, 0x000001d2bfab4000,
0x000001d2bfab5800, 0x000001d2bfb24000, 0x000001d2bfb2c800, 0x000001d2bfa8e000,
0x000001d2c05ae000, 0x000001d2c05af000, 0x000001d2c3f45800, 0x000001d2c3f56000,
0x000001d2c0b0e800, 0x000001d2c3e47000, 0x000001d2c2ca9800, 0x000001d2c187e000,
0x000001d2c187a800, 0x000001d2c187b800, 0x000001d2c1878800, 0x000001d2c187c800,
0x000001d2c187a000, 0x000001d2c187d000, 0x000001d2c187f000, 0x000001d2c1879000,
0x000001d2c185a800, 0x000001d2c185b000, 0x000001d2c1859800, 0x000001d2c1857000,
0x000001d2c1858000, 0x000001d2c185c000, 0x000001d2c1856800
}

Java Threads: ( => current thread )
  0x000001d2bfa8f800 JavaThread "Reference Handler" daemon [_thread_blocked, id=9984, stack(0x000000a8b0300000,0x000000a8b0400000)]
  0x000001d2bfa91000 JavaThread "Finalizer" daemon [_thread_blocked, id=7860, stack(0x000000a8b0400000,0x000000a8b0500000)]
  0x000001d2bfab2000 JavaThread "Signal Dispatcher" daemon [_thread_blocked, id=8452, stack(0x000000a8b0500000,0x000000a8b0600000)]
  0x000001d2bfab4000 JavaThread "Attach Listener" daemon [_thread_blocked, id=8472, stack(0x000000a8b0600000,0x000000a8b0700000)]
=>0x000001d2bfab5800 JavaThread "C2 CompilerThread0" daemon [_thread_in_native, id=1356, stack(0x000000a8b0700000,0x000000a8b0800000)]
  0x000001d2bfb24000 JavaThread "C1 CompilerThread0" daemon [_thread_blocked, id=8336, stack(0x000000a8b0800000,0x000000a8b0900000)]
  0x000001d2bfb2c800 JavaThread "Sweeper thread" daemon [_thread_blocked, id=9184, stack(0x000000a8b0900000,0x000000a8b0a00000)]
  0x000001d2bfa8e000 JavaThread "Common-Cleaner" daemon [_thread_blocked, id=5300, stack(0x000000a8b0a00000,0x000000a8b0b00000)]
  0x000001d2c05ae000 JavaThread "Monitor Ctrl-Break" daemon [_thread_in_native, id=9036, stack(0x000000a8b0b00000,0x000000a8b0c00000)]
  0x000001d2c05af000 JavaThread "Service Thread" daemon [_thread_blocked, id=8504, stack(0x000000a8b0c00000,0x000000a8b0d00000)]
  0x000001d2c3f45800 JavaThread "Catalina-utility-1" [_thread_blocked, id=1236, stack(0x000000a8b0f00000,0x000000a8b1000000)]
  0x000001d2c3f56000 JavaThread "Catalina-utility-2" [_thread_blocked, id=8628, stack(0x000000a8b1200000,0x000000a8b1300000)]
  0x000001d2c0b0e800 JavaThread "container-0" [_thread_blocked, id=8260, stack(0x000000a8b1300000,0x000000a8b1400000)]
  0x000001d2c3e47000 JavaThread "Abandoned connection cleanup thread" daemon [_thread_blocked, id=6308, stack(0x000000a8b1400000,0x000000a8b1500000)]
  0x000001d2c2ca9800 JavaThread "HikariPool-1 housekeeper" daemon [_thread_blocked, id=7468, stack(0x000000a8b1600000,0x000000a8b1700000)]
  0x000001d2c187e000 JavaThread "Live Reload Server" daemon [_thread_in_native, id=6064, stack(0x000000a8b1900000,0x000000a8b1a00000)]
  0x000001d2c187a800 JavaThread "File Watcher" daemon [_thread_blocked, id=7820, stack(0x000000a8b1700000,0x000000a8b1800000)]
  0x000001d2c187b800 JavaThread "http-nio-8080-BlockPoller" daemon [_thread_in_native, id=4716, stack(0x000000a8b1800000,0x000000a8b1900000)]
  0x000001d2c1878800 JavaThread "http-nio-8080-exec-1" daemon [_thread_blocked, id=8484, stack(0x000000a8b1a00000,0x000000a8b1b00000)]
  0x000001d2c187c800 JavaThread "http-nio-8080-exec-2" daemon [_thread_blocked, id=8828, stack(0x000000a8b1b00000,0x000000a8b1c00000)]
  0x000001d2c187a000 JavaThread "http-nio-8080-exec-3" daemon [_thread_blocked, id=2672, stack(0x000000a8b1c00000,0x000000a8b1d00000)]
  0x000001d2c187d000 JavaThread "http-nio-8080-exec-4" daemon [_thread_blocked, id=1000, stack(0x000000a8b1d00000,0x000000a8b1e00000)]
  0x000001d2c187f000 JavaThread "http-nio-8080-exec-5" daemon [_thread_blocked, id=8340, stack(0x000000a8b1e00000,0x000000a8b1f00000)]
  0x000001d2c1879000 JavaThread "http-nio-8080-exec-6" daemon [_thread_blocked, id=6740, stack(0x000000a8b1f00000,0x000000a8b2000000)]
  0x000001d2c185a800 JavaThread "http-nio-8080-exec-7" daemon [_thread_blocked, id=9008, stack(0x000000a8b2000000,0x000000a8b2100000)]
  0x000001d2c185b000 JavaThread "http-nio-8080-exec-8" daemon [_thread_blocked, id=9476, stack(0x000000a8b2100000,0x000000a8b2200000)]
  0x000001d2c1859800 JavaThread "http-nio-8080-exec-9" daemon [_thread_blocked, id=2628, stack(0x000000a8b2200000,0x000000a8b2300000)]
  0x000001d2c1857000 JavaThread "http-nio-8080-exec-10" daemon [_thread_blocked, id=7000, stack(0x000000a8b2300000,0x000000a8b2400000)]
  0x000001d2c1858000 JavaThread "http-nio-8080-ClientPoller" daemon [_thread_in_native, id=8860, stack(0x000000a8b2400000,0x000000a8b2500000)]
  0x000001d2c185c000 JavaThread "http-nio-8080-Acceptor" daemon [_thread_in_native, id=8044, stack(0x000000a8b2500000,0x000000a8b2600000)]
  0x000001d2c1856800 JavaThread "DestroyJavaVM" [_thread_blocked, id=1848, stack(0x000000a8afc00000,0x000000a8afd00000)]

Other Threads:
  0x000001d2a41fd800 VMThread "VM Thread" [stack: 0x000000a8b0200000,0x000000a8b0300000] [id=8940]
  0x000001d2c06c7000 WatcherThread [stack: 0x000000a8b0d00000,0x000000a8b0e00000] [id=8552]
  0x000001d2a415f800 GCTaskThread "GC Thread#0" [stack: 0x000000a8afd00000,0x000000a8afe00000] [id=8776]
  0x000001d2c0441800 GCTaskThread "GC Thread#1" [stack: 0x000000a8b0e00000,0x000000a8b0f00000] [id=9236]
  0x000001d2a4167000 ConcurrentGCThread "G1 Main Marker" [stack: 0x000000a8afe00000,0x000000a8aff00000] [id=596]
  0x000001d2a416a000 ConcurrentGCThread "G1 Conc#0" [stack: 0x000000a8aff00000,0x000000a8b0000000] [id=32]
  0x000001d2a41b6000 ConcurrentGCThread "G1 Refine#0" [stack: 0x000000a8b0000000,0x000000a8b0100000] [id=9892]
  0x000001d2a41b8800 ConcurrentGCThread "G1 Young RemSet Sampling" [stack: 0x000000a8b0100000,0x000000a8b0200000] [id=9872]

Threads with active compile tasks:
C2 CompilerThread0  8175   !   4       java.util.concurrent.ScheduledThreadPoolExecutor$DelayedWorkQueue::take (203 bytes)

VM state:not at safepoint (normal execution)

VM Mutex/Monitor currently owned by a thread: None

OutOfMemory and StackOverflow Exception counts:
StackOverflowErrors=3
LinkageErrors=53

Heap address: 0x00000000c0000000, size: 1024 MB, Compressed Oops mode: 32-bit
Narrow klass base: 0x0000000800000000, Narrow klass shift: 3
Compressed class space size: 1073741824 Address: 0x00000008011a0000

Heap:
 garbage-first heap   total 95232K, used 48080K [0x00000000c0000000, 0x0000000100000000)
  region size 1024K, 19 young (19456K), 1 survivors (1024K)
 Metaspace       used 62659K, capacity 64316K, committed 64504K, reserved 1105920K
  class space    used 7968K, capacity 8595K, committed 8696K, reserved 1048576K
Heap Regions: E=young(eden), S=young(survivor), O=old, HS=humongous(starts), HC=humongous(continues), CS=collection set, F=free, A=archive, TAMS=top-at-mark-start (previous, next)
|   0|0x00000000c0000000, 0x00000000c0100000, 0x00000000c0100000|100%|HS|  |TAMS 0x00000000c0100000, 0x00000000c0000000| Complete 
|   1|0x00000000c0100000, 0x00000000c0200000, 0x00000000c0200000|100%| O|  |TAMS 0x00000000c0200000, 0x00000000c0100000| Untracked 
|   2|0x00000000c0200000, 0x00000000c0300000, 0x00000000c0300000|100%| O|  |TAMS 0x00000000c0300000, 0x00000000c0200000| Untracked 
|   3|0x00000000c0300000, 0x00000000c0400000, 0x00000000c0400000|100%| O|  |TAMS 0x00000000c0400000, 0x00000000c0300000| Untracked 
|   4|0x00000000c0400000, 0x00000000c0500000, 0x00000000c0500000|100%| O|  |TAMS 0x00000000c0500000, 0x00000000c0400000| Untracked 
|   5|0x00000000c0500000, 0x00000000c0600000, 0x00000000c0600000|100%| O|  |TAMS 0x00000000c0600000, 0x00000000c0500000| Untracked 
|   6|0x00000000c0600000, 0x00000000c0700000, 0x00000000c0700000|100%| O|  |TAMS 0x00000000c0700000, 0x00000000c0600000| Untracked 
|   7|0x00000000c0700000, 0x00000000c0800000, 0x00000000c0800000|100%| O|  |TAMS 0x00000000c0800000, 0x00000000c0700000| Untracked 
|   8|0x00000000c0800000, 0x00000000c08c5c00, 0x00000000c0900000| 77%| O|  |TAMS 0x00000000c08c5c00, 0x00000000c0800000| Untracked 
|   9|0x00000000c0900000, 0x00000000c0a00000, 0x00000000c0a00000|100%| O|  |TAMS 0x00000000c0a00000, 0x00000000c0900000| Untracked 
|  10|0x00000000c0a00000, 0x00000000c0b00000, 0x00000000c0b00000|100%| O|  |TAMS 0x00000000c0b00000, 0x00000000c0a00000| Untracked 
|  11|0x00000000c0b00000, 0x00000000c0c00000, 0x00000000c0c00000|100%| O|  |TAMS 0x00000000c0c00000, 0x00000000c0b00000| Untracked 
|  12|0x00000000c0c00000, 0x00000000c0d00000, 0x00000000c0d00000|100%| O|  |TAMS 0x00000000c0d00000, 0x00000000c0c00000| Untracked 
|  13|0x00000000c0d00000, 0x00000000c0e00000, 0x00000000c0e00000|100%| O|  |TAMS 0x00000000c0e00000, 0x00000000c0d00000| Untracked 
|  14|0x00000000c0e00000, 0x00000000c0f00000, 0x00000000c0f00000|100%| O|  |TAMS 0x00000000c0f00000, 0x00000000c0e00000| Untracked 
|  15|0x00000000c0f00000, 0x00000000c1000000, 0x00000000c1000000|100%| O|  |TAMS 0x00000000c1000000, 0x00000000c0f00000| Untracked 
|  16|0x00000000c1000000, 0x00000000c1100000, 0x00000000c1100000|100%| O|  |TAMS 0x00000000c1100000, 0x00000000c1000000| Untracked 
|  17|0x00000000c1100000, 0x00000000c1200000, 0x00000000c1200000|100%| O|  |TAMS 0x00000000c1200000, 0x00000000c1100000| Untracked 
|  18|0x00000000c1200000, 0x00000000c1300000, 0x00000000c1300000|100%| O|  |TAMS 0x00000000c1300000, 0x00000000c1200000| Untracked 
|  19|0x00000000c1300000, 0x00000000c1400000, 0x00000000c1400000|100%| O|  |TAMS 0x00000000c1400000, 0x00000000c1300000| Untracked 
|  20|0x00000000c1400000, 0x00000000c1500000, 0x00000000c1500000|100%| O|  |TAMS 0x00000000c1500000, 0x00000000c1400000| Untracked 
|  21|0x00000000c1500000, 0x00000000c1600000, 0x00000000c1600000|100%| O|  |TAMS 0x00000000c1600000, 0x00000000c1500000| Untracked 
|  22|0x00000000c1600000, 0x00000000c1700000, 0x00000000c1700000|100%| O|  |TAMS 0x00000000c1700000, 0x00000000c1600000| Untracked 
|  23|0x00000000c1700000, 0x00000000c1800000, 0x00000000c1800000|100%| O|  |TAMS 0x00000000c1800000, 0x00000000c1700000| Untracked 
|  24|0x00000000c1800000, 0x00000000c1900000, 0x00000000c1900000|100%| O|  |TAMS 0x00000000c1900000, 0x00000000c1800000| Untracked 
|  25|0x00000000c1900000, 0x00000000c1a00000, 0x00000000c1a00000|100%| O|  |TAMS 0x00000000c1a00000, 0x00000000c1900000| Untracked 
|  26|0x00000000c1a00000, 0x00000000c1b00000, 0x00000000c1b00000|100%| O|  |TAMS 0x00000000c1a61800, 0x00000000c1a00000| Untracked 
|  27|0x00000000c1b00000, 0x00000000c1c00000, 0x00000000c1c00000|100%| O|  |TAMS 0x00000000c1b00000, 0x00000000c1b00000| Untracked 
|  28|0x00000000c1c00000, 0x00000000c1d00000, 0x00000000c1d00000|100%| O|  |TAMS 0x00000000c1c00000, 0x00000000c1c00000| Untracked 
|  29|0x00000000c1d00000, 0x00000000c1d6ba00, 0x00000000c1e00000| 42%| O|  |TAMS 0x00000000c1d00000, 0x00000000c1d00000| Untracked 
|  30|0x00000000c1e00000, 0x00000000c1e00000, 0x00000000c1f00000|  0%| F|  |TAMS 0x00000000c1e00000, 0x00000000c1e00000| Untracked 
|  31|0x00000000c1f00000, 0x00000000c1f00000, 0x00000000c2000000|  0%| F|  |TAMS 0x00000000c1f00000, 0x00000000c1f00000| Untracked 
|  32|0x00000000c2000000, 0x00000000c2000000, 0x00000000c2100000|  0%| F|  |TAMS 0x00000000c2000000, 0x00000000c2000000| Untracked 
|  33|0x00000000c2100000, 0x00000000c2100000, 0x00000000c2200000|  0%| F|  |TAMS 0x00000000c2100000, 0x00000000c2100000| Untracked 
|  34|0x00000000c2200000, 0x00000000c2200000, 0x00000000c2300000|  0%| F|  |TAMS 0x00000000c2200000, 0x00000000c2200000| Untracked 
|  35|0x00000000c2300000, 0x00000000c2300000, 0x00000000c2400000|  0%| F|  |TAMS 0x00000000c2300000, 0x00000000c2300000| Untracked 
|  36|0x00000000c2400000, 0x00000000c2400000, 0x00000000c2500000|  0%| F|  |TAMS 0x00000000c2400000, 0x00000000c2400000| Untracked 
|  37|0x00000000c2500000, 0x00000000c2500000, 0x00000000c2600000|  0%| F|  |TAMS 0x00000000c2500000, 0x00000000c2500000| Untracked 
|  38|0x00000000c2600000, 0x00000000c2600000, 0x00000000c2700000|  0%| F|  |TAMS 0x00000000c2600000, 0x00000000c2600000| Untracked 
|  39|0x00000000c2700000, 0x00000000c2700000, 0x00000000c2800000|  0%| F|  |TAMS 0x00000000c2700000, 0x00000000c2700000| Untracked 
|  40|0x00000000c2800000, 0x00000000c2800000, 0x00000000c2900000|  0%| F|  |TAMS 0x00000000c2800000, 0x00000000c2800000| Untracked 
|  41|0x00000000c2900000, 0x00000000c2900000, 0x00000000c2a00000|  0%| F|  |TAMS 0x00000000c2900000, 0x00000000c2900000| Untracked 
|  42|0x00000000c2a00000, 0x00000000c2a00000, 0x00000000c2b00000|  0%| F|  |TAMS 0x00000000c2a00000, 0x00000000c2a00000| Untracked 
|  43|0x00000000c2b00000, 0x00000000c2bc2d30, 0x00000000c2c00000| 76%| S|CS|TAMS 0x00000000c2b00000, 0x00000000c2b00000| Complete 
|  44|0x00000000c2c00000, 0x00000000c2c00000, 0x00000000c2d00000|  0%| F|  |TAMS 0x00000000c2c00000, 0x00000000c2c00000| Untracked 
|  45|0x00000000c2d00000, 0x00000000c2d00000, 0x00000000c2e00000|  0%| F|  |TAMS 0x00000000c2d00000, 0x00000000c2d00000| Untracked 
|  46|0x00000000c2e00000, 0x00000000c2e00000, 0x00000000c2f00000|  0%| F|  |TAMS 0x00000000c2e00000, 0x00000000c2e00000| Untracked 
|  47|0x00000000c2f00000, 0x00000000c2f00000, 0x00000000c3000000|  0%| F|  |TAMS 0x00000000c2f00000, 0x00000000c2f00000| Untracked 
|  48|0x00000000c3000000, 0x00000000c3000000, 0x00000000c3100000|  0%| F|  |TAMS 0x00000000c3000000, 0x00000000c3000000| Untracked 
|  49|0x00000000c3100000, 0x00000000c3100000, 0x00000000c3200000|  0%| F|  |TAMS 0x00000000c3100000, 0x00000000c3100000| Untracked 
|  50|0x00000000c3200000, 0x00000000c3200000, 0x00000000c3300000|  0%| F|  |TAMS 0x00000000c3200000, 0x00000000c3200000| Untracked 
|  51|0x00000000c3300000, 0x00000000c3300000, 0x00000000c3400000|  0%| F|  |TAMS 0x00000000c3300000, 0x00000000c3300000| Untracked 
|  52|0x00000000c3400000, 0x00000000c3400000, 0x00000000c3500000|  0%| F|  |TAMS 0x00000000c3400000, 0x00000000c3400000| Untracked 
|  53|0x00000000c3500000, 0x00000000c3500000, 0x00000000c3600000|  0%| F|  |TAMS 0x00000000c3500000, 0x00000000c3500000| Untracked 
|  54|0x00000000c3600000, 0x00000000c3600000, 0x00000000c3700000|  0%| F|  |TAMS 0x00000000c3600000, 0x00000000c3600000| Untracked 
|  55|0x00000000c3700000, 0x00000000c3700000, 0x00000000c3800000|  0%| F|  |TAMS 0x00000000c3700000, 0x00000000c3700000| Untracked 
|  56|0x00000000c3800000, 0x00000000c3800000, 0x00000000c3900000|  0%| F|  |TAMS 0x00000000c3800000, 0x00000000c3800000| Untracked 
|  57|0x00000000c3900000, 0x00000000c3900000, 0x00000000c3a00000|  0%| F|  |TAMS 0x00000000c3900000, 0x00000000c3900000| Untracked 
|  58|0x00000000c3a00000, 0x00000000c3a00000, 0x00000000c3b00000|  0%| F|  |TAMS 0x00000000c3a00000, 0x00000000c3a00000| Untracked 
|  59|0x00000000c3b00000, 0x00000000c3b00000, 0x00000000c3c00000|  0%| F|  |TAMS 0x00000000c3b00000, 0x00000000c3b00000| Untracked 
|  60|0x00000000c3c00000, 0x00000000c3c00000, 0x00000000c3d00000|  0%| F|  |TAMS 0x00000000c3c00000, 0x00000000c3c00000| Untracked 
|  61|0x00000000c3d00000, 0x00000000c3d00000, 0x00000000c3e00000|  0%| F|  |TAMS 0x00000000c3d00000, 0x00000000c3d00000| Untracked 
|  62|0x00000000c3e00000, 0x00000000c3e00000, 0x00000000c3f00000|  0%| F|  |TAMS 0x00000000c3e00000, 0x00000000c3e00000| Untracked 
|  63|0x00000000c3f00000, 0x00000000c3f00000, 0x00000000c4000000|  0%| F|  |TAMS 0x00000000c3f00000, 0x00000000c3f00000| Untracked 
|  64|0x00000000c4000000, 0x00000000c4000000, 0x00000000c4100000|  0%| F|  |TAMS 0x00000000c4000000, 0x00000000c4000000| Untracked 
|  65|0x00000000c4100000, 0x00000000c4100000, 0x00000000c4200000|  0%| F|  |TAMS 0x00000000c4100000, 0x00000000c4100000| Untracked 
|  66|0x00000000c4200000, 0x00000000c4200000, 0x00000000c4300000|  0%| F|  |TAMS 0x00000000c4200000, 0x00000000c4200000| Untracked 
|  67|0x00000000c4300000, 0x00000000c4300000, 0x00000000c4400000|  0%| F|  |TAMS 0x00000000c4300000, 0x00000000c4300000| Untracked 
|  68|0x00000000c4400000, 0x00000000c4400000, 0x00000000c4500000|  0%| F|  |TAMS 0x00000000c4400000, 0x00000000c4400000| Untracked 
|  69|0x00000000c4500000, 0x00000000c4500000, 0x00000000c4600000|  0%| F|  |TAMS 0x00000000c4500000, 0x00000000c4500000| Untracked 
|  70|0x00000000c4600000, 0x00000000c4600000, 0x00000000c4700000|  0%| F|  |TAMS 0x00000000c4600000, 0x00000000c4600000| Untracked 
|  71|0x00000000c4700000, 0x00000000c4700000, 0x00000000c4800000|  0%| F|  |TAMS 0x00000000c4700000, 0x00000000c4700000| Untracked 
|  72|0x00000000c4800000, 0x00000000c4800000, 0x00000000c4900000|  0%| F|  |TAMS 0x00000000c4800000, 0x00000000c4800000| Untracked 
|  73|0x00000000c4900000, 0x00000000c4900000, 0x00000000c4a00000|  0%| F|  |TAMS 0x00000000c4900000, 0x00000000c4900000| Untracked 
|  74|0x00000000c4a00000, 0x00000000c4a00000, 0x00000000c4b00000|  0%| F|  |TAMS 0x00000000c4a00000, 0x00000000c4a00000| Untracked 
|  75|0x00000000c4b00000, 0x00000000c4c00000, 0x00000000c4c00000|100%| E|  |TAMS 0x00000000c4b00000, 0x00000000c4b00000| Complete 
|  76|0x00000000c4c00000, 0x00000000c4d00000, 0x00000000c4d00000|100%| E|CS|TAMS 0x00000000c4c00000, 0x00000000c4c00000| Complete 
|  77|0x00000000c4d00000, 0x00000000c4e00000, 0x00000000c4e00000|100%| E|CS|TAMS 0x00000000c4d00000, 0x00000000c4d00000| Complete 
|  78|0x00000000c4e00000, 0x00000000c4f00000, 0x00000000c4f00000|100%| E|CS|TAMS 0x00000000c4e00000, 0x00000000c4e00000| Complete 
|  79|0x00000000c4f00000, 0x00000000c5000000, 0x00000000c5000000|100%| E|CS|TAMS 0x00000000c4f00000, 0x00000000c4f00000| Complete 
|  80|0x00000000c5000000, 0x00000000c5100000, 0x00000000c5100000|100%| E|CS|TAMS 0x00000000c5000000, 0x00000000c5000000| Complete 
|  81|0x00000000c5100000, 0x00000000c5200000, 0x00000000c5200000|100%| E|CS|TAMS 0x00000000c5100000, 0x00000000c5100000| Complete 
|  82|0x00000000c5200000, 0x00000000c5300000, 0x00000000c5300000|100%| E|CS|TAMS 0x00000000c5200000, 0x00000000c5200000| Complete 
|  83|0x00000000c5300000, 0x00000000c5400000, 0x00000000c5400000|100%| E|CS|TAMS 0x00000000c5300000, 0x00000000c5300000| Complete 
|  84|0x00000000c5400000, 0x00000000c5500000, 0x00000000c5500000|100%| E|CS|TAMS 0x00000000c5400000, 0x00000000c5400000| Complete 
|  85|0x00000000c5500000, 0x00000000c5600000, 0x00000000c5600000|100%| E|CS|TAMS 0x00000000c5500000, 0x00000000c5500000| Complete 
|  86|0x00000000c5600000, 0x00000000c5700000, 0x00000000c5700000|100%| E|CS|TAMS 0x00000000c5600000, 0x00000000c5600000| Complete 
|  87|0x00000000c5700000, 0x00000000c5800000, 0x00000000c5800000|100%| E|CS|TAMS 0x00000000c5700000, 0x00000000c5700000| Complete 
|  88|0x00000000c5800000, 0x00000000c5900000, 0x00000000c5900000|100%| E|CS|TAMS 0x00000000c5800000, 0x00000000c5800000| Complete 
|  89|0x00000000c5900000, 0x00000000c5a00000, 0x00000000c5a00000|100%| E|CS|TAMS 0x00000000c5900000, 0x00000000c5900000| Complete 
|  90|0x00000000c5a00000, 0x00000000c5b00000, 0x00000000c5b00000|100%| E|CS|TAMS 0x00000000c5a00000, 0x00000000c5a00000| Complete 
|  91|0x00000000c5b00000, 0x00000000c5c00000, 0x00000000c5c00000|100%| E|CS|TAMS 0x00000000c5b00000, 0x00000000c5b00000| Complete 
|  94|0x00000000c5e00000, 0x00000000c5f00000, 0x00000000c5f00000|100%| E|CS|TAMS 0x00000000c5e00000, 0x00000000c5e00000| Complete 

Card table byte_map: [0x000001d2a3f00000,0x000001d2a4100000] _byte_map_base: 0x000001d2a3900000

Marking Bits (Prev, Next): (CMBitMap*) 0x000001d2a4160678, (CMBitMap*) 0x000001d2a41606b8
 Prev Bits: [0x000001d2bb730000, 0x000001d2bc730000)
 Next Bits: [0x000001d2bc730000, 0x000001d2bd730000)

Polling page: 0x000001d2a1f50000

Metaspace:

Usage:
  Non-class:     54.42 MB capacity,    53.41 MB ( 98%) used,   827.96 KB (  1%) free+waste,   201.88 KB ( <1%) overhead. 
      Class:      8.39 MB capacity,     7.78 MB ( 93%) used,   534.84 KB (  6%) free+waste,    91.81 KB (  1%) overhead. 
       Both:     62.81 MB capacity,    61.19 MB ( 97%) used,     1.33 MB (  2%) free+waste,   293.69 KB ( <1%) overhead. 

Virtual space:
  Non-class space:       56.00 MB reserved,      54.50 MB ( 97%) committed 
      Class space:        1.00 GB reserved,       8.49 MB ( <1%) committed 
             Both:        1.05 GB reserved,      62.99 MB (  6%) committed 

Chunk freelists:
   Non-Class:  2.88 KB
       Class:  1.63 KB
        Both:  4.50 KB

CodeHeap 'non-profiled nmethods': size=120064Kb used=3962Kb max_used=4014Kb free=116101Kb
 bounds [0x000001d2b3ff0000, 0x000001d2b43e0000, 0x000001d2bb530000]
CodeHeap 'profiled nmethods': size=120000Kb used=14641Kb max_used=14827Kb free=105358Kb
 bounds [0x000001d2acac0000, 0x000001d2ad970000, 0x000001d2b3ff0000]
CodeHeap 'non-nmethods': size=5696Kb used=1280Kb max_used=1316Kb free=4415Kb
 bounds [0x000001d2ac530000, 0x000001d2ac7a0000, 0x000001d2acac0000]
 total_blobs=10632 nmethods=6919 adapters=544
 compilation: enabled
              stopped_count=0, restarted_count=0
 full_count=0

Compilation events (10 events):
Event: 26759.711 Thread 0x000001d2bfb24000 nmethod 8170 0x000001d2ad3e5e90 code [0x000001d2ad3e6260, 0x000001d2ad3e7d40]
Event: 26759.711 Thread 0x000001d2bfb24000 8171       3       java.util.concurrent.LinkedBlockingQueue::enqueue (14 bytes)
Event: 26759.711 Thread 0x000001d2bfb24000 nmethod 8171 0x000001d2acd86d10 code [0x000001d2acd86ee0, 0x000001d2acd87118]
Event: 26759.711 Thread 0x000001d2bfb24000 8172       3       java.lang.String::compareTo (9 bytes)
Event: 26759.712 Thread 0x000001d2bfb24000 nmethod 8172 0x000001d2acd88490 code [0x000001d2acd88660, 0x000001d2acd88910]
Event: 26775.999 Thread 0x000001d2bfb24000 8173       3       java.util.concurrent.CopyOnWriteArrayList::remove (34 bytes)
Event: 26775.999 Thread 0x000001d2bfb24000 nmethod 8173 0x000001d2ad258710 code [0x000001d2ad2588e0, 0x000001d2ad258ba0]
Event: 26897.913 Thread 0x000001d2bfab5800 8174       4       org.apache.catalina.core.StandardWrapper::backgroundProcess (38 bytes)
Event: 26897.914 Thread 0x000001d2bfab5800 nmethod 8174 0x000001d2b4359090 code [0x000001d2b4359240, 0x000001d2b4359368]
Event: 27239.608 Thread 0x000001d2bfab5800 8175   !   4       java.util.concurrent.ScheduledThreadPoolExecutor$DelayedWorkQueue::take (203 bytes)

GC Heap History (10 events):
Event: 24630.777 GC heap before
{Heap before GC invocations=75 (full 0):
 garbage-first heap   total 95232K, used 80644K [0x00000000c0000000, 0x0000000100000000)
  region size 1024K, 50 young (51200K), 1 survivors (1024K)
 Metaspace       used 62638K, capacity 64252K, committed 64504K, reserved 1105920K
  class space    used 7968K, capacity 8595K, committed 8696K, reserved 1048576K
}
Event: 24630.781 GC heap after
{Heap after GC invocations=76 (full 0):
 garbage-first heap   total 95232K, used 30503K [0x00000000c0000000, 0x0000000100000000)
  region size 1024K, 1 young (1024K), 1 survivors (1024K)
 Metaspace       used 62638K, capacity 64252K, committed 64504K, reserved 1105920K
  class space    used 7968K, capacity 8595K, committed 8696K, reserved 1048576K
}
Event: 25210.875 GC heap before
{Heap before GC invocations=76 (full 0):
 garbage-first heap   total 95232K, used 80679K [0x00000000c0000000, 0x0000000100000000)
  region size 1024K, 50 young (51200K), 1 survivors (1024K)
 Metaspace       used 62647K, capacity 64252K, committed 64504K, reserved 1105920K
  class space    used 7968K, capacity 8595K, committed 8696K, reserved 1048576K
}
Event: 25210.878 GC heap after
{Heap after GC invocations=77 (full 0):
 garbage-first heap   total 95232K, used 30663K [0x00000000c0000000, 0x0000000100000000)
  region size 1024K, 1 young (1024K), 1 survivors (1024K)
 Metaspace       used 62647K, capacity 64252K, committed 64504K, reserved 1105920K
  class space    used 7968K, capacity 8595K, committed 8696K, reserved 1048576K
}
Event: 25827.658 GC heap before
{Heap before GC invocations=77 (full 0):
 garbage-first heap   total 95232K, used 80839K [0x00000000c0000000, 0x0000000100000000)
  region size 1024K, 50 young (51200K), 1 survivors (1024K)
 Metaspace       used 62647K, capacity 64252K, committed 64504K, reserved 1105920K
  class space    used 7968K, capacity 8595K, committed 8696K, reserved 1048576K
}
Event: 25827.662 GC heap after
{Heap after GC invocations=78 (full 0):
 garbage-first heap   total 95232K, used 30460K [0x00000000c0000000, 0x0000000100000000)
  region size 1024K, 1 young (1024K), 1 survivors (1024K)
 Metaspace       used 62647K, capacity 64252K, committed 64504K, reserved 1105920K
  class space    used 7968K, capacity 8595K, committed 8696K, reserved 1048576K
}
Event: 26441.076 GC heap before
{Heap before GC invocations=78 (full 0):
 garbage-first heap   total 95232K, used 80636K [0x00000000c0000000, 0x0000000100000000)
  region size 1024K, 50 young (51200K), 1 survivors (1024K)
 Metaspace       used 62647K, capacity 64252K, committed 64504K, reserved 1105920K
  class space    used 7968K, capacity 8595K, committed 8696K, reserved 1048576K
}
Event: 26441.080 GC heap after
{Heap after GC invocations=79 (full 0):
 garbage-first heap   total 95232K, used 30488K [0x00000000c0000000, 0x0000000100000000)
  region size 1024K, 1 young (1024K), 1 survivors (1024K)
 Metaspace       used 62647K, capacity 64252K, committed 64504K, reserved 1105920K
  class space    used 7968K, capacity 8595K, committed 8696K, reserved 1048576K
}
Event: 27017.921 GC heap before
{Heap before GC invocations=79 (full 0):
 garbage-first heap   total 95232K, used 80664K [0x00000000c0000000, 0x0000000100000000)
  region size 1024K, 50 young (51200K), 1 survivors (1024K)
 Metaspace       used 62659K, capacity 64316K, committed 64504K, reserved 1105920K
  class space    used 7968K, capacity 8595K, committed 8696K, reserved 1048576K
}
Event: 27017.925 GC heap after
{Heap after GC invocations=80 (full 0):
 garbage-first heap   total 95232K, used 30672K [0x00000000c0000000, 0x0000000100000000)
  region size 1024K, 1 young (1024K), 1 survivors (1024K)
 Metaspace       used 62659K, capacity 64316K, committed 64504K, reserved 1105920K
  class space    used 7968K, capacity 8595K, committed 8696K, reserved 1048576K
}

Deoptimization events (10 events):
Event: 3734.185 Thread 0x000001d2c1879000 Uncommon trap: reason=unstable_if action=reinterpret pc=0x000001d2b439bfd0 method=org.springframework.util.AntPathMatcher.skipSegment(Ljava/lang/String;ILjava/lang/String;)I @ 47 c2
Event: 3748.608 Thread 0x000001d2c3f56000 Uncommon trap: reason=unstable_if action=reinterpret pc=0x000001d2b41fb510 method=java.util.concurrent.locks.LockSupport.unpark(Ljava/lang/Thread;)V @ 1 c2
Event: 5395.608 Thread 0x000001d2c3f45800 Uncommon trap: reason=profile_predicate action=maybe_recompile pc=0x000001d2b43c1c74 method=java.util.concurrent.ConcurrentHashMap$Traverser.advance()Ljava/util/concurrent/ConcurrentHashMap$Node; @ 15 c2
Event: 5396.608 Thread 0x000001d2c3f45800 Uncommon trap: reason=profile_predicate action=maybe_recompile pc=0x000001d2b43c1c74 method=java.util.concurrent.ConcurrentHashMap$Traverser.advance()Ljava/util/concurrent/ConcurrentHashMap$Node; @ 15 c2
Event: 5397.608 Thread 0x000001d2c3f45800 Uncommon trap: reason=profile_predicate action=maybe_recompile pc=0x000001d2b43c1c74 method=java.util.concurrent.ConcurrentHashMap$Traverser.advance()Ljava/util/concurrent/ConcurrentHashMap$Node; @ 15 c2
Event: 5398.608 Thread 0x000001d2c3f45800 Uncommon trap: reason=profile_predicate action=maybe_recompile pc=0x000001d2b43c1c74 method=java.util.concurrent.ConcurrentHashMap$Traverser.advance()Ljava/util/concurrent/ConcurrentHashMap$Node; @ 15 c2
Event: 10212.152 Thread 0x000001d2c3f45800 Uncommon trap: reason=unstable_if action=reinterpret pc=0x000001d2b43aee7c method=java.util.concurrent.locks.AbstractQueuedSynchronizer.unparkSuccessor(Ljava/util/concurrent/locks/AbstractQueuedSynchronizer$Node;)V @ 22 c2
Event: 15925.959 Thread 0x000001d2c1857000 Uncommon trap: reason=unstable_if action=reinterpret pc=0x000001d2b410ee80 method=java.nio.Buffer.<init>(IIII)V @ 44 c2
Event: 15926.046 Thread 0x000001d2c187b800 Uncommon trap: reason=unstable_if action=reinterpret pc=0x000001d2b43bc38c method=org.apache.tomcat.util.collections.SynchronizedQueue.size()I @ 11 c2
Event: 23491.646 Thread 0x000001d2c3f45800 Uncommon trap: reason=unstable_if action=reinterpret pc=0x000001d2b41d03fc method=java.util.concurrent.locks.AbstractQueuedSynchronizer.doAcquireInterruptibly(I)V @ 18 c2

Classes redefined (0 events):
No events

Internal exceptions (10 events):
Event: 3733.869 Thread 0x000001d2c187f000 Implicit null exception at 0x000001d2b4180074 to 0x000001d2b4180942
Event: 5395.608 Thread 0x000001d2c3f45800 Implicit null exception at 0x000001d2b43c1a48 to 0x000001d2b43c1c62
Event: 5396.608 Thread 0x000001d2c3f45800 Implicit null exception at 0x000001d2b43c1a48 to 0x000001d2b43c1c62
Event: 5397.608 Thread 0x000001d2c3f45800 Implicit null exception at 0x000001d2b43c1a48 to 0x000001d2b43c1c62
Event: 5398.608 Thread 0x000001d2c3f45800 Implicit null exception at 0x000001d2b43c1a48 to 0x000001d2b43c1c62
Event: 6855.867 Thread 0x000001d2c187f000 Exception <a 'java/lang/ArrayIndexOutOfBoundsException'{0x00000000c431b298}: Index -1 out of bounds for length 128> (0x00000000c431b298) thrown at [t:/workspace/open/src/hotspot/share/interpreter/interpreterRuntime.cpp, line 462]
Event: 6856.299 Thread 0x000001d2c187d000 Exception <a 'java/lang/ArrayIndexOutOfBoundsException'{0x00000000c436d728}: Index -1 out of bounds for length 128> (0x00000000c436d728) thrown at [t:/workspace/open/src/hotspot/share/interpreter/interpreterRuntime.cpp, line 462]
Event: 9184.998 Thread 0x000001d2c1857000 Exception <a 'java/io/IOException'{0x00000000c3ce4020}> (0x00000000c3ce4020) thrown at [t:/workspace/open/src/hotspot/share/prims/jni.cpp, line 615]
Event: 10212.152 Thread 0x000001d2c3f45800 Implicit null exception at 0x000001d2b43abde2 to 0x000001d2b43aee2c
Event: 18883.378 Thread 0x000001d2c185b000 Exception <a 'java/lang/ArrayIndexOutOfBoundsException'{0x00000000c4b00078}> (0x00000000c4b00078) thrown at [t:/workspace/open/src/hotspot/share/runtime/sharedRuntime.cpp, line 585]

Events (10 events):
Event: 27017.925 Executing VM operation: RevokeBias
Event: 27017.926 Executing VM operation: RevokeBias done
Event: 27017.926 Executing VM operation: RevokeBias
Event: 27017.926 Executing VM operation: RevokeBias done
Event: 27017.926 Executing VM operation: RevokeBias
Event: 27017.926 Executing VM operation: RevokeBias done
Event: 27017.926 Executing VM operation: RevokeBias
Event: 27017.926 Executing VM operation: RevokeBias done
Event: 27017.926 Executing VM operation: RevokeBias
Event: 27017.926 Executing VM operation: RevokeBias done


Dynamic libraries:
0x00007ff7b0860000 - 0x00007ff7b086f000 	C:\ymy\jdk-12.0.1\bin\java.exe
0x00007ffa44800000 - 0x00007ffa449ed000 	C:\Windows\SYSTEM32\ntdll.dll
0x00007ffa43340000 - 0x00007ffa433f3000 	C:\Windows\System32\KERNEL32.DLL
0x00007ffa41780000 - 0x00007ffa41a13000 	C:\Windows\System32\KERNELBASE.dll
0x00007ffa408c0000 - 0x00007ffa409ba000 	C:\Windows\System32\ucrtbase.dll
0x00007ffa36200000 - 0x00007ffa36218000 	C:\ymy\jdk-12.0.1\bin\jli.dll
0x00007ffa43120000 - 0x00007ffa431c3000 	C:\Windows\System32\ADVAPI32.dll
0x00007ffa41b80000 - 0x00007ffa41c1e000 	C:\Windows\System32\msvcrt.dll
0x00007ffa43650000 - 0x00007ffa436ee000 	C:\Windows\System32\sechost.dll
0x00007ffa442e0000 - 0x00007ffa44402000 	C:\Windows\System32\RPCRT4.dll
0x00007ffa43430000 - 0x00007ffa435c7000 	C:\Windows\System32\USER32.dll
0x00007ffa41700000 - 0x00007ffa41720000 	C:\Windows\System32\win32u.dll
0x00007ffa43400000 - 0x00007ffa43429000 	C:\Windows\System32\GDI32.dll
0x00007ffa40b40000 - 0x00007ffa40cd9000 	C:\Windows\System32\gdi32full.dll
0x00007ffa409f0000 - 0x00007ffa40a90000 	C:\Windows\System32\msvcp_win.dll
0x00007ffa35760000 - 0x00007ffa35776000 	C:\ymy\jdk-12.0.1\bin\VCRUNTIME140.dll
0x00007ffa358e0000 - 0x00007ffa35b59000 	C:\Windows\WinSxS\amd64_microsoft.windows.common-controls_6595b64144ccf1df_6.0.17763.802_none_05b1445c0722d2cc\COMCTL32.dll
0x00007ffa43bf0000 - 0x00007ffa43f1c000 	C:\Windows\System32\combase.dll
0x00007ffa41630000 - 0x00007ffa416ae000 	C:\Windows\System32\bcryptPrimitives.dll
0x00007ffa36a10000 - 0x00007ffa36a1a000 	C:\Windows\SYSTEM32\VERSION.dll
0x00007ffa447a0000 - 0x00007ffa447ce000 	C:\Windows\System32\IMM32.DLL
0x00007ffa2d9e0000 - 0x00007ffa2da8a000 	C:\ymy\jdk-12.0.1\bin\msvcp140.dll
0x00007ffa28bf0000 - 0x00007ffa29764000 	C:\ymy\jdk-12.0.1\bin\server\jvm.dll
0x00007ffa43f90000 - 0x00007ffa43f98000 	C:\Windows\System32\PSAPI.DLL
0x00007ffa242a0000 - 0x00007ffa242a9000 	C:\Windows\SYSTEM32\WSOCK32.dll
0x00007ffa43f20000 - 0x00007ffa43f8d000 	C:\Windows\System32\WS2_32.dll
0x00007ffa3e500000 - 0x00007ffa3e524000 	C:\Windows\SYSTEM32\WINMM.dll
0x00007ffa3e3e0000 - 0x00007ffa3e40d000 	C:\Windows\SYSTEM32\WINMMBASE.dll
0x00007ffa416b0000 - 0x00007ffa416fa000 	C:\Windows\System32\cfgmgr32.dll
0x00007ffa407f0000 - 0x00007ffa40801000 	C:\Windows\System32\kernel.appcore.dll
0x00007ffa35650000 - 0x00007ffa35661000 	C:\ymy\jdk-12.0.1\bin\verify.dll
0x00007ffa35170000 - 0x00007ffa3535d000 	C:\Windows\SYSTEM32\DBGHELP.DLL
0x00007ffa35140000 - 0x00007ffa3516a000 	C:\Windows\SYSTEM32\dbgcore.DLL
0x00007ffa324b0000 - 0x00007ffa324d6000 	C:\ymy\jdk-12.0.1\bin\java.dll
0x00007ffa355c0000 - 0x00007ffa355ce000 	C:\ymy\jdk-12.0.1\bin\instrument.dll
0x00007ffa32290000 - 0x00007ffa322a7000 	C:\ymy\jdk-12.0.1\bin\zip.dll
0x00007ffa35c50000 - 0x00007ffa35c5a000 	C:\ymy\jdk-12.0.1\bin\jimage.dll
0x00007ffa41c20000 - 0x00007ffa43114000 	C:\Windows\System32\SHELL32.dll
0x00007ffa44060000 - 0x00007ffa44108000 	C:\Windows\System32\shcore.dll
0x00007ffa40d00000 - 0x00007ffa4144d000 	C:\Windows\System32\windows.storage.dll
0x00007ffa40890000 - 0x00007ffa408b4000 	C:\Windows\System32\profapi.dll
0x00007ffa40810000 - 0x00007ffa4086d000 	C:\Windows\System32\powrprof.dll
0x00007ffa43fa0000 - 0x00007ffa43ff2000 	C:\Windows\System32\shlwapi.dll
0x00007ffa40ce0000 - 0x00007ffa40cf7000 	C:\Windows\System32\cryptsp.dll
0x00007ffa32050000 - 0x00007ffa32069000 	C:\ymy\jdk-12.0.1\bin\net.dll
0x00007ffa3a320000 - 0x00007ffa3a412000 	C:\Windows\SYSTEM32\WINHTTP.dll
0x00007ffa38d70000 - 0x00007ffa38f47000 	C:\Windows\SYSTEM32\urlmon.dll
0x00007ffa3ad20000 - 0x00007ffa3afc8000 	C:\Windows\SYSTEM32\iertutil.dll
0x00007ffa401d0000 - 0x00007ffa401dc000 	C:\Windows\SYSTEM32\CRYPTBASE.DLL
0x00007ffa40000000 - 0x00007ffa40067000 	C:\Windows\system32\mswsock.dll
0x00007ffa32030000 - 0x00007ffa32043000 	C:\ymy\jdk-12.0.1\bin\nio.dll
0x00007ffa32c80000 - 0x00007ffa32c9a000 	C:\ymy\IntelliJ IDEA Community Edition 2019.3.2\bin\breakgen64.dll
0x00007ffa324a0000 - 0x00007ffa324a9000 	C:\ymy\jdk-12.0.1\bin\management.dll
0x00007ffa30e30000 - 0x00007ffa30e3c000 	C:\ymy\jdk-12.0.1\bin\management_ext.dll
0x00007ffa33d10000 - 0x00007ffa33d26000 	C:\Windows\system32\napinsp.dll
0x00007ffa3fd60000 - 0x00007ffa3fe26000 	C:\Windows\SYSTEM32\DNSAPI.dll
0x00007ffa41b70000 - 0x00007ffa41b78000 	C:\Windows\System32\NSI.dll
0x00007ffa3fd20000 - 0x00007ffa3fd5d000 	C:\Windows\SYSTEM32\IPHLPAPI.DLL
0x00007ffa33d00000 - 0x00007ffa33d0e000 	C:\Windows\System32\winrnr.dll
0x00007ffa38a90000 - 0x00007ffa38aab000 	C:\Windows\system32\NLAapi.dll
0x00007ffa33400000 - 0x00007ffa33415000 	C:\Windows\system32\wshbth.dll
0x00007ffa3afd0000 - 0x00007ffa3afda000 	C:\Windows\System32\rasadhlp.dll
0x00007ffa39720000 - 0x00007ffa39799000 	C:\Windows\System32\fwpuclnt.dll
0x00007ffa409c0000 - 0x00007ffa409e6000 	C:\Windows\System32\bcrypt.dll
0x00007ffa3fb80000 - 0x00007ffa3fbb3000 	C:\Windows\system32\rsaenh.dll
0x00007ffa406f0000 - 0x00007ffa40718000 	C:\Windows\SYSTEM32\USERENV.dll
0x00007ffa38a70000 - 0x00007ffa38a86000 	C:\Windows\SYSTEM32\dhcpcsvc6.DLL
0x00007ffa38a30000 - 0x00007ffa38a4c000 	C:\Windows\SYSTEM32\dhcpcsvc.DLL

dbghelp: loaded successfully - version: 4.0.5 - missing functions: none
symbol engine: initialized successfully - sym options: 0x614 - pdb path: .;C:\ymy\jdk-12.0.1\bin;C:\Windows\SYSTEM32;C:\Windows\WinSxS\amd64_microsoft.windows.common-controls_6595b64144ccf1df_6.0.17763.802_none_05b1445c0722d2cc;C:\ymy\jdk-12.0.1\bin\server;C:\ymy\IntelliJ IDEA Community Edition 2019.3.2\bin

VM Arguments:
jvm_args: -javaagent:C:\ymy\IntelliJ IDEA Community Edition 2019.3.2\lib\idea_rt.jar=58835:C:\ymy\IntelliJ IDEA Community Edition 2019.3.2\bin -Dfile.encoding=UTF-8 
java_command: com.ymy.graduation.GraduationApplication
java_class_path (initial): C:\ymy\毕设后端\Graduation\target\classes;C:\Users\Administrator\.m2\repository\org\springframework\boot\spring-boot-starter-data-jpa\2.2.2.RELEASE\spring-boot-starter-data-jpa-2.2.2.RELEASE.jar;C:\Users\Administrator\.m2\repository\org\springframework\boot\spring-boot-starter-aop\2.2.2.RELEASE\spring-boot-starter-aop-2.2.2.RELEASE.jar;C:\Users\Administrator\.m2\repository\org\springframework\spring-aop\5.2.2.RELEASE\spring-aop-5.2.2.RELEASE.jar;C:\Users\Administrator\.m2\repository\org\aspectj\aspectjweaver\1.9.5\aspectjweaver-1.9.5.jar;C:\Users\Administrator\.m2\repository\org\springframework\boot\spring-boot-starter-jdbc\2.2.2.RELEASE\spring-boot-starter-jdbc-2.2.2.RELEASE.jar;C:\Users\Administrator\.m2\repository\com\zaxxer\HikariCP\3.4.1\HikariCP-3.4.1.jar;C:\Users\Administrator\.m2\repository\org\springframework\spring-jdbc\5.2.2.RELEASE\spring-jdbc-5.2.2.RELEASE.jar;C:\Users\Administrator\.m2\repository\jakarta\activation\jakarta.activation-api\1.2.1\jakarta.activation-api-1.2.1.jar;C:\Users\Administrator\.m2\repository\jakarta\persistence\jakarta.persistence-api\2.2.3\jakarta.persistence-api-2.2.3.jar;C:\Users\Administrator\.m2\repository\jakarta\transaction\jakarta.transaction-api\1.3.3\jakarta.transaction-api-1.3.3.jar;C:\Users\Administrator\.m2\repository\org\hibernate\hibernate-core\5.4.9.Final\hibernate-core-5.4.9.Final.jar;C:\Users\Administrator\.m2\repository\net\bytebuddy\byte-buddy\1.10.4\byte-buddy-1.10.4.jar;C:\Users\Administrator\.m2\repository\antlr\antlr\2.7.7\antlr-2.7.7.jar;C:\Users\Administrator\.m2\repository\org\jboss\jandex\2.1.1.Final\jandex-2.1.1.Final.jar;C:\Users\Administrator\.m2\repository\com\fasterxml\classmate\1.5.1\classmate-1.5.1.jar;C:\Users\Administrator\.m2\repository\org\dom4j\dom4j\2.1.1\dom4j-2.1.1.jar;C:\Users\Administrator\.m2\repository\org\glassfish\jaxb\jaxb-runtime\2.3.2\jaxb-runtime-2.3.2.jar;C:\Users\Administrator\.m2\repository\org\glassfish\jaxb\txw2\2.3.2\txw2-2.3.2.jar;C:\Users\Adm
Launcher Type: SUN_STANDARD

[Global flags]
     intx CICompilerCount                          = 2                                         {product} {ergonomic}
     uint ConcGCThreads                            = 1                                         {product} {ergonomic}
     uint G1ConcRefinementThreads                  = 2                                         {product} {ergonomic}
   size_t G1HeapRegionSize                         = 1048576                                   {product} {ergonomic}
    uintx GCDrainStackTargetSize                   = 64                                        {product} {ergonomic}
   size_t InitialHeapSize                          = 67108864                                  {product} {ergonomic}
   size_t MarkStackSize                            = 4194304                                   {product} {ergonomic}
   size_t MaxHeapSize                              = 1073741824                                {product} {ergonomic}
   size_t MaxNewSize                               = 643825664                                 {product} {ergonomic}
   size_t MinHeapDeltaBytes                        = 1048576                                   {product} {ergonomic}
    uintx NonNMethodCodeHeapSize                   = 5825164                                {pd product} {ergonomic}
    uintx NonProfiledCodeHeapSize                  = 122916538                              {pd product} {ergonomic}
    uintx ProfiledCodeHeapSize                     = 122916538                              {pd product} {ergonomic}
    uintx ReservedCodeCacheSize                    = 251658240                              {pd product} {ergonomic}
     bool SegmentedCodeCache                       = true                                      {product} {ergonomic}
     bool UseCompressedClassPointers               = true                                 {lp64_product} {ergonomic}
     bool UseCompressedOops                        = true                                 {lp64_product} {ergonomic}
     bool UseG1GC                                  = true                                      {product} {ergonomic}
     bool UseLargePagesIndividualAllocation        = false                                  {pd product} {ergonomic}

Logging:
Log output configuration:
 #0: stdout all=warning uptime,level,tags
 #1: stderr all=off uptime,level,tags

Environment Variables:
PATH=C:\ProgramData\Oracle\Java\javapath;C:\Windows\system32;C:\Windows;C:\Windows\System32\Wbem;C:\Windows\System32\WindowsPowerShell\v1.0\;C:\Windows\System32\OpenSSH\;C:\Users\Administrator\AppData\Local\Microsoft\WindowsApps;;C:\ymy\IntelliJ IDEA 2019.3.1\bin;;C:\Program Files\Bandizip\;C:\ymy\IntelliJ IDEA Community Edition 2019.3.2\bin;
USERNAME=Administrator
OS=Windows_NT
PROCESSOR_IDENTIFIER=Intel64 Family 6 Model 85 Stepping 4, GenuineIntel



---------------  S Y S T E M  ---------------

OS: Windows Server 2019 , 64 bit Build 17763 (10.0.17763.475)

CPU:total 2 (initial active 2) (1 cores per cpu, 2 threads per core) family 6 model 85 stepping 4, cmov, cx8, fxsr, mmx, sse, sse2, sse3, ssse3, sse4.1, sse4.2, popcnt, avx, avx2, aes, clmul, erms, rtm, 3dnowpref, lzcnt, ht, tsc, bmi1, bmi2, adx, evex, fma

Memory: 4k page, system-wide physical 4095M (285M free)
TotalPageFile size 4607M (AvailPageFile size 4M)
current process WorkingSet (physical memory assigned to process): 259M, peak: 266M
current process commit charge ("private bytes"): 280M, peak: 288M

vm_info: Java HotSpot(TM) 64-Bit Server VM (12.0.1+12) for windows-amd64 JRE (12.0.1+12), built on Apr  2 2019 14:02:19 by "mach5one" with MS VC++ 15.5 (VS2017)

END.
