#
# There is insufficient memory for the Java Runtime Environment to continue.
# Native memory allocation (malloc) failed to allocate 2337936 bytes for Chunk::new
# Possible reasons:
#   The system is out of physical RAM or swap space
#   The process is running with CompressedOops enabled, and the Java Heap may be blocking the growth of the native heap
# Possible solutions:
#   Reduce memory load on the system
#   Increase physical memory or swap space
#   Check if swap backing store is full
#   Decrease Java heap size (-Xmx/-Xms)
#   Decrease number of Java threads
#   Decrease Java thread stack sizes (-Xss)
#   Set larger code cache with -XX:ReservedCodeCacheSize=
#   JVM is running with Unscaled Compressed Oops mode in which the Java heap is
#     placed in the first 4GB address space. The Java Heap base address is the
#     maximum limit for the native heap growth. Please use -XX:HeapBaseMinAddress
#     to set the Java Heap base and to place the Java Heap above 4GB virtual address.
# This output file may be truncated or incomplete.
#
#  Out of Memory Error (t:/workspace/open/src/hotspot/share/memory/arena.cpp:197), pid=3632, tid=8796
#
# JRE version: Java(TM) SE Runtime Environment (12.0.1+12) (build 12.0.1+12)
# Java VM: Java HotSpot(TM) 64-Bit Server VM (12.0.1+12, mixed mode, sharing, tiered, compressed oops, g1 gc, windows-amd64)
# Core dump will be written. Default location: C:\ymy\毕设后端\Graduation\hs_err_pid3632.mdmp
#

---------------  S U M M A R Y ------------

Command Line: -javaagent:C:\ymy\IntelliJ IDEA Community Edition 2019.3.2\lib\idea_rt.jar=54852:C:\ymy\IntelliJ IDEA Community Edition 2019.3.2\bin -Dfile.encoding=UTF-8 com.ymy.graduation.GraduationApplication

Host: Intel(R) Xeon(R) Gold 6148 CPU @ 2.40GHz, 2 cores, 3G,  Windows Server 2019 , 64 bit Build 17763 (10.0.17763.475)
Time: Sat Feb 29 13:17:55 2020 ?D1ú±ê×?ê±?? elapsed time: 25 seconds (0d 0h 0m 25s)

---------------  T H R E A D  ---------------

Current thread (0x000002b74635e000):  JavaThread "C2 CompilerThread0" daemon [_thread_in_native, id=8796, stack(0x000000c050700000,0x000000c050800000)]


Current CompileTask:
C2:  25216 6792       4       org.springframework.transaction.interceptor.AbstractFallbackTransactionAttributeSource::getTransactionAttribute (173 bytes)

Stack: [0x000000c050700000,0x000000c050800000]
Native frames: (J=compiled Java code, j=interpreted, Vv=VM code, C=native code)
V  [jvm.dll+0x63948a]
V  [jvm.dll+0x78b31f]
V  [jvm.dll+0x78c9c1]
V  [jvm.dll+0x78d013]
V  [jvm.dll+0x262138]
V  [jvm.dll+0xc582c]
V  [jvm.dll+0xc5dac]
V  [jvm.dll+0x3796a7]
V  [jvm.dll+0x345493]
V  [jvm.dll+0x34485a]
V  [jvm.dll+0x21c035]
V  [jvm.dll+0x21b20a]
V  [jvm.dll+0x199890]
V  [jvm.dll+0x22a534]
V  [jvm.dll+0x228b88]
V  [jvm.dll+0x74f660]
V  [jvm.dll+0x748648]
V  [jvm.dll+0x638566]
C  [ucrtbase.dll+0x21ffa]
C  [KERNEL32.DLL+0x17974]
C  [ntdll.dll+0x6a271]


---------------  P R O C E S S  ---------------

Threads class SMR info:
_java_thread_list=0x000002b7477dfa90, length=31, elements={
0x000002b746341000, 0x000002b746342000, 0x000002b74635a800, 0x000002b74635c800,
0x000002b74635e000, 0x000002b74636a000, 0x000002b7463ee000, 0x000002b72aa54000,
0x000002b747058800, 0x000002b747059800, 0x000002b748626800, 0x000002b7476a3000,
0x000002b7476a4000, 0x000002b7475ce800, 0x000002b747459000, 0x000002b74a9c8800,
0x000002b746c89000, 0x000002b746c8a800, 0x000002b746c8a000, 0x000002b746c88000,
0x000002b7494c3800, 0x000002b7494c2000, 0x000002b7494c3000, 0x000002b7494c4800,
0x000002b7494c5000, 0x000002b7494c6000, 0x000002b7494c7000, 0x000002b7494c1000,
0x000002b7494ca000, 0x000002b7494cc000, 0x000002b7494cc800
}

Java Threads: ( => current thread )
  0x000002b746341000 JavaThread "Reference Handler" daemon [_thread_blocked, id=3728, stack(0x000000c050300000,0x000000c050400000)]
  0x000002b746342000 JavaThread "Finalizer" daemon [_thread_blocked, id=10824, stack(0x000000c050400000,0x000000c050500000)]
  0x000002b74635a800 JavaThread "Signal Dispatcher" daemon [_thread_blocked, id=7404, stack(0x000000c050500000,0x000000c050600000)]
  0x000002b74635c800 JavaThread "Attach Listener" daemon [_thread_blocked, id=8320, stack(0x000000c050600000,0x000000c050700000)]
=>0x000002b74635e000 JavaThread "C2 CompilerThread0" daemon [_thread_in_native, id=8796, stack(0x000000c050700000,0x000000c050800000)]
  0x000002b74636a000 JavaThread "C1 CompilerThread0" daemon [_thread_blocked, id=10496, stack(0x000000c050800000,0x000000c050900000)]
  0x000002b7463ee000 JavaThread "Sweeper thread" daemon [_thread_blocked, id=6224, stack(0x000000c050900000,0x000000c050a00000)]
  0x000002b72aa54000 JavaThread "Common-Cleaner" daemon [_thread_blocked, id=2180, stack(0x000000c050a00000,0x000000c050b00000)]
  0x000002b747058800 JavaThread "Monitor Ctrl-Break" daemon [_thread_in_native, id=5004, stack(0x000000c050c00000,0x000000c050d00000)]
  0x000002b747059800 JavaThread "Service Thread" daemon [_thread_blocked, id=8340, stack(0x000000c050d00000,0x000000c050e00000)]
  0x000002b748626800 JavaThread "Catalina-utility-1" [_thread_blocked, id=10548, stack(0x000000c051100000,0x000000c051200000)]
  0x000002b7476a3000 JavaThread "Catalina-utility-2" [_thread_blocked, id=9840, stack(0x000000c051200000,0x000000c051300000)]
  0x000002b7476a4000 JavaThread "container-0" [_thread_blocked, id=8628, stack(0x000000c051300000,0x000000c051400000)]
  0x000002b7475ce800 JavaThread "Abandoned connection cleanup thread" daemon [_thread_blocked, id=3308, stack(0x000000c051400000,0x000000c051500000)]
  0x000002b747459000 JavaThread "HikariPool-1 housekeeper" daemon [_thread_blocked, id=11028, stack(0x000000c051600000,0x000000c051700000)]
  0x000002b74a9c8800 JavaThread "Live Reload Server" daemon [_thread_in_native, id=9668, stack(0x000000c051900000,0x000000c051a00000)]
  0x000002b746c89000 JavaThread "File Watcher" daemon [_thread_blocked, id=1848, stack(0x000000c051700000,0x000000c051800000)]
  0x000002b746c8a800 JavaThread "http-nio-8080-BlockPoller" daemon [_thread_in_native, id=10692, stack(0x000000c051800000,0x000000c051900000)]
  0x000002b746c8a000 JavaThread "http-nio-8080-exec-1" daemon [_thread_blocked, id=10916, stack(0x000000c051a00000,0x000000c051b00000)]
  0x000002b746c88000 JavaThread "http-nio-8080-exec-2" daemon [_thread_blocked, id=9428, stack(0x000000c051b00000,0x000000c051c00000)]
  0x000002b7494c3800 JavaThread "http-nio-8080-exec-3" daemon [_thread_blocked, id=9352, stack(0x000000c051c00000,0x000000c051d00000)]
  0x000002b7494c2000 JavaThread "http-nio-8080-exec-4" daemon [_thread_blocked, id=260, stack(0x000000c051d00000,0x000000c051e00000)]
  0x000002b7494c3000 JavaThread "http-nio-8080-exec-5" daemon [_thread_blocked, id=7776, stack(0x000000c051e00000,0x000000c051f00000)]
  0x000002b7494c4800 JavaThread "http-nio-8080-exec-6" daemon [_thread_blocked, id=5756, stack(0x000000c051f00000,0x000000c052000000)]
  0x000002b7494c5000 JavaThread "http-nio-8080-exec-7" daemon [_thread_blocked, id=11216, stack(0x000000c052000000,0x000000c052100000)]
  0x000002b7494c6000 JavaThread "http-nio-8080-exec-8" daemon [_thread_blocked, id=4180, stack(0x000000c052100000,0x000000c052200000)]
  0x000002b7494c7000 JavaThread "http-nio-8080-exec-9" daemon [_thread_blocked, id=6064, stack(0x000000c052200000,0x000000c052300000)]
  0x000002b7494c1000 JavaThread "http-nio-8080-exec-10" daemon [_thread_blocked, id=11132, stack(0x000000c052300000,0x000000c052400000)]
  0x000002b7494ca000 JavaThread "http-nio-8080-ClientPoller" daemon [_thread_in_native, id=9016, stack(0x000000c052400000,0x000000c052500000)]
  0x000002b7494cc000 JavaThread "http-nio-8080-Acceptor" daemon [_thread_in_native, id=9236, stack(0x000000c052500000,0x000000c052600000)]
  0x000002b7494cc800 JavaThread "DestroyJavaVM" [_thread_blocked, id=3520, stack(0x000000c04fc00000,0x000000c04fd00000)]

Other Threads:
  0x000002b74633f000 VMThread "VM Thread" [stack: 0x000000c050200000,0x000000c050300000] [id=9132]
  0x000002b747124000 WatcherThread [stack: 0x000000c050e00000,0x000000c050f00000] [id=3372]
  0x000002b72a9d1000 GCTaskThread "GC Thread#0" [stack: 0x000000c04fd00000,0x000000c04fe00000] [id=8336]
  0x000002b746e0c000 GCTaskThread "GC Thread#1" [stack: 0x000000c050f00000,0x000000c051000000] [id=2808]
  0x000002b72a9d9000 ConcurrentGCThread "G1 Main Marker" [stack: 0x000000c04fe00000,0x000000c04ff00000] [id=11200]
  0x000002b72a9db000 ConcurrentGCThread "G1 Conc#0" [stack: 0x000000c04ff00000,0x000000c050000000] [id=10164]
  0x000002b72aa28000 ConcurrentGCThread "G1 Refine#0" [stack: 0x000000c050000000,0x000000c050100000] [id=5352]
  0x000002b72aa2a000 ConcurrentGCThread "G1 Young RemSet Sampling" [stack: 0x000000c050100000,0x000000c050200000] [id=3644]

Threads with active compile tasks:
C2 CompilerThread0  6792       4       org.springframework.transaction.interceptor.AbstractFallbackTransactionAttributeSource::getTransactionAttribute (173 bytes)

VM state:not at safepoint (normal execution)

VM Mutex/Monitor currently owned by a thread: None

Heap address: 0x00000000c0000000, size: 1024 MB, Compressed Oops mode: 32-bit
Narrow klass base: 0x0000000800000000, Narrow klass shift: 3
Compressed class space size: 1073741824 Address: 0x00000008011a0000

Heap:
 garbage-first heap   total 84992K, used 35594K [0x00000000c0000000, 0x0000000100000000)
  region size 1024K, 10 young (10240K), 3 survivors (3072K)
 Metaspace       used 59535K, capacity 61166K, committed 61432K, reserved 1101824K
  class space    used 7743K, capacity 8360K, committed 8440K, reserved 1048576K
Heap Regions: E=young(eden), S=young(survivor), O=old, HS=humongous(starts), HC=humongous(continues), CS=collection set, F=free, A=archive, TAMS=top-at-mark-start (previous, next)
|   0|0x00000000c0000000, 0x00000000c0100000, 0x00000000c0100000|100%|HS|  |TAMS 0x00000000c0100000, 0x00000000c0000000| Complete 
|   1|0x00000000c0100000, 0x00000000c0200000, 0x00000000c0200000|100%| O|  |TAMS 0x00000000c0200000, 0x00000000c0100000| Untracked 
|   2|0x00000000c0200000, 0x00000000c0300000, 0x00000000c0300000|100%| O|  |TAMS 0x00000000c0300000, 0x00000000c0200000| Untracked 
|   3|0x00000000c0300000, 0x00000000c0400000, 0x00000000c0400000|100%| O|  |TAMS 0x00000000c0400000, 0x00000000c0300000| Untracked 
|   4|0x00000000c0400000, 0x00000000c0500000, 0x00000000c0500000|100%| O|  |TAMS 0x00000000c0500000, 0x00000000c0400000| Untracked 
|   5|0x00000000c0500000, 0x00000000c0600000, 0x00000000c0600000|100%| O|  |TAMS 0x00000000c0600000, 0x00000000c0500000| Untracked 
|   6|0x00000000c0600000, 0x00000000c0700000, 0x00000000c0700000|100%| O|  |TAMS 0x00000000c0700000, 0x00000000c0600000| Untracked 
|   7|0x00000000c0700000, 0x00000000c0800000, 0x00000000c0800000|100%| O|  |TAMS 0x00000000c0800000, 0x00000000c0700000| Untracked 
|   8|0x00000000c0800000, 0x00000000c083dc00, 0x00000000c0900000| 24%| O|  |TAMS 0x00000000c083dc00, 0x00000000c0800000| Untracked 
|   9|0x00000000c0900000, 0x00000000c0a00000, 0x00000000c0a00000|100%| O|  |TAMS 0x00000000c0a00000, 0x00000000c0900000| Untracked 
|  10|0x00000000c0a00000, 0x00000000c0b00000, 0x00000000c0b00000|100%| O|  |TAMS 0x00000000c0b00000, 0x00000000c0a00000| Untracked 
|  11|0x00000000c0b00000, 0x00000000c0c00000, 0x00000000c0c00000|100%| O|  |TAMS 0x00000000c0c00000, 0x00000000c0b00000| Untracked 
|  12|0x00000000c0c00000, 0x00000000c0d00000, 0x00000000c0d00000|100%| O|  |TAMS 0x00000000c0d00000, 0x00000000c0c00000| Untracked 
|  13|0x00000000c0d00000, 0x00000000c0e00000, 0x00000000c0e00000|100%| O|  |TAMS 0x00000000c0e00000, 0x00000000c0d00000| Untracked 
|  14|0x00000000c0e00000, 0x00000000c0f00000, 0x00000000c0f00000|100%| O|  |TAMS 0x00000000c0f00000, 0x00000000c0e00000| Untracked 
|  15|0x00000000c0f00000, 0x00000000c1000000, 0x00000000c1000000|100%| O|  |TAMS 0x00000000c1000000, 0x00000000c0f00000| Untracked 
|  16|0x00000000c1000000, 0x00000000c1100000, 0x00000000c1100000|100%| O|  |TAMS 0x00000000c1100000, 0x00000000c1000000| Untracked 
|  17|0x00000000c1100000, 0x00000000c1200000, 0x00000000c1200000|100%| O|  |TAMS 0x00000000c1200000, 0x00000000c1100000| Untracked 
|  18|0x00000000c1200000, 0x00000000c1300000, 0x00000000c1300000|100%| O|  |TAMS 0x00000000c1300000, 0x00000000c1200000| Untracked 
|  19|0x00000000c1300000, 0x00000000c1400000, 0x00000000c1400000|100%| O|  |TAMS 0x00000000c1400000, 0x00000000c1300000| Untracked 
|  20|0x00000000c1400000, 0x00000000c1500000, 0x00000000c1500000|100%| O|  |TAMS 0x00000000c1500000, 0x00000000c1400000| Untracked 
|  21|0x00000000c1500000, 0x00000000c1600000, 0x00000000c1600000|100%| O|  |TAMS 0x00000000c1600000, 0x00000000c1500000| Untracked 
|  22|0x00000000c1600000, 0x00000000c1700000, 0x00000000c1700000|100%| O|  |TAMS 0x00000000c1700000, 0x00000000c1600000| Untracked 
|  23|0x00000000c1700000, 0x00000000c1800000, 0x00000000c1800000|100%| O|  |TAMS 0x00000000c1800000, 0x00000000c1700000| Untracked 
|  24|0x00000000c1800000, 0x00000000c1900000, 0x00000000c1900000|100%| O|  |TAMS 0x00000000c1900000, 0x00000000c1800000| Untracked 
|  25|0x00000000c1900000, 0x00000000c1a00000, 0x00000000c1a00000|100%| O|  |TAMS 0x00000000c1950a00, 0x00000000c1900000| Untracked 
|  26|0x00000000c1a00000, 0x00000000c1a9ce00, 0x00000000c1b00000| 61%| O|  |TAMS 0x00000000c1a00000, 0x00000000c1a00000| Untracked 
|  27|0x00000000c1b00000, 0x00000000c1b00000, 0x00000000c1c00000|  0%| F|  |TAMS 0x00000000c1b00000, 0x00000000c1b00000| Untracked 
|  28|0x00000000c1c00000, 0x00000000c1c00000, 0x00000000c1d00000|  0%| F|  |TAMS 0x00000000c1c00000, 0x00000000c1c00000| Untracked 
|  29|0x00000000c1d00000, 0x00000000c1d00000, 0x00000000c1e00000|  0%| F|  |TAMS 0x00000000c1d00000, 0x00000000c1d00000| Untracked 
|  30|0x00000000c1e00000, 0x00000000c1e00000, 0x00000000c1f00000|  0%| F|  |TAMS 0x00000000c1e00000, 0x00000000c1e00000| Untracked 
|  31|0x00000000c1f00000, 0x00000000c1f00000, 0x00000000c2000000|  0%| F|  |TAMS 0x00000000c1f00000, 0x00000000c1f00000| Untracked 
|  32|0x00000000c2000000, 0x00000000c2000000, 0x00000000c2100000|  0%| F|  |TAMS 0x00000000c2000000, 0x00000000c2000000| Untracked 
|  33|0x00000000c2100000, 0x00000000c2100000, 0x00000000c2200000|  0%| F|  |TAMS 0x00000000c2100000, 0x00000000c2100000| Untracked 
|  34|0x00000000c2200000, 0x00000000c2200000, 0x00000000c2300000|  0%| F|  |TAMS 0x00000000c2200000, 0x00000000c2200000| Untracked 
|  35|0x00000000c2300000, 0x00000000c2300000, 0x00000000c2400000|  0%| F|  |TAMS 0x00000000c2300000, 0x00000000c2300000| Untracked 
|  36|0x00000000c2400000, 0x00000000c2400000, 0x00000000c2500000|  0%| F|  |TAMS 0x00000000c2400000, 0x00000000c2400000| Untracked 
|  37|0x00000000c2500000, 0x00000000c2500000, 0x00000000c2600000|  0%| F|  |TAMS 0x00000000c2500000, 0x00000000c2500000| Untracked 
|  38|0x00000000c2600000, 0x00000000c2600000, 0x00000000c2700000|  0%| F|  |TAMS 0x00000000c2600000, 0x00000000c2600000| Untracked 
|  39|0x00000000c2700000, 0x00000000c2700000, 0x00000000c2800000|  0%| F|  |TAMS 0x00000000c2700000, 0x00000000c2700000| Untracked 
|  40|0x00000000c2800000, 0x00000000c2800000, 0x00000000c2900000|  0%| F|  |TAMS 0x00000000c2800000, 0x00000000c2800000| Untracked 
|  41|0x00000000c2900000, 0x00000000c2900000, 0x00000000c2a00000|  0%| F|  |TAMS 0x00000000c2900000, 0x00000000c2900000| Untracked 
|  42|0x00000000c2a00000, 0x00000000c2a00000, 0x00000000c2b00000|  0%| F|  |TAMS 0x00000000c2a00000, 0x00000000c2a00000| Untracked 
|  43|0x00000000c2b00000, 0x00000000c2b00000, 0x00000000c2c00000|  0%| F|  |TAMS 0x00000000c2b00000, 0x00000000c2b00000| Untracked 
|  44|0x00000000c2c00000, 0x00000000c2c00000, 0x00000000c2d00000|  0%| F|  |TAMS 0x00000000c2c00000, 0x00000000c2c00000| Untracked 
|  45|0x00000000c2d00000, 0x00000000c2d00000, 0x00000000c2e00000|  0%| F|  |TAMS 0x00000000c2d00000, 0x00000000c2d00000| Untracked 
|  46|0x00000000c2e00000, 0x00000000c2e00000, 0x00000000c2f00000|  0%| F|  |TAMS 0x00000000c2e00000, 0x00000000c2e00000| Untracked 
|  47|0x00000000c2f00000, 0x00000000c2f00000, 0x00000000c3000000|  0%| F|  |TAMS 0x00000000c2f00000, 0x00000000c2f00000| Untracked 
|  48|0x00000000c3000000, 0x00000000c3000000, 0x00000000c3100000|  0%| F|  |TAMS 0x00000000c3000000, 0x00000000c3000000| Untracked 
|  49|0x00000000c3100000, 0x00000000c3100000, 0x00000000c3200000|  0%| F|  |TAMS 0x00000000c3100000, 0x00000000c3100000| Untracked 
|  50|0x00000000c3200000, 0x00000000c3200000, 0x00000000c3300000|  0%| F|  |TAMS 0x00000000c3200000, 0x00000000c3200000| Untracked 
|  51|0x00000000c3300000, 0x00000000c3300000, 0x00000000c3400000|  0%| F|  |TAMS 0x00000000c3300000, 0x00000000c3300000| Untracked 
|  52|0x00000000c3400000, 0x00000000c3400000, 0x00000000c3500000|  0%| F|  |TAMS 0x00000000c3400000, 0x00000000c3400000| Untracked 
|  53|0x00000000c3500000, 0x00000000c3500000, 0x00000000c3600000|  0%| F|  |TAMS 0x00000000c3500000, 0x00000000c3500000| Untracked 
|  54|0x00000000c3600000, 0x00000000c3600000, 0x00000000c3700000|  0%| F|  |TAMS 0x00000000c3600000, 0x00000000c3600000| Untracked 
|  55|0x00000000c3700000, 0x00000000c3700000, 0x00000000c3800000|  0%| F|  |TAMS 0x00000000c3700000, 0x00000000c3700000| Untracked 
|  56|0x00000000c3800000, 0x00000000c3800000, 0x00000000c3900000|  0%| F|  |TAMS 0x00000000c3800000, 0x00000000c3800000| Untracked 
|  57|0x00000000c3900000, 0x00000000c3900000, 0x00000000c3a00000|  0%| F|  |TAMS 0x00000000c3900000, 0x00000000c3900000| Untracked 
|  58|0x00000000c3a00000, 0x00000000c3a00000, 0x00000000c3b00000|  0%| F|  |TAMS 0x00000000c3a00000, 0x00000000c3a00000| Untracked 
|  59|0x00000000c3b00000, 0x00000000c3b00000, 0x00000000c3c00000|  0%| F|  |TAMS 0x00000000c3b00000, 0x00000000c3b00000| Untracked 
|  60|0x00000000c3c00000, 0x00000000c3c00000, 0x00000000c3d00000|  0%| F|  |TAMS 0x00000000c3c00000, 0x00000000c3c00000| Untracked 
|  61|0x00000000c3d00000, 0x00000000c3d00000, 0x00000000c3e00000|  0%| F|  |TAMS 0x00000000c3d00000, 0x00000000c3d00000| Untracked 
|  62|0x00000000c3e00000, 0x00000000c3e00000, 0x00000000c3f00000|  0%| F|  |TAMS 0x00000000c3e00000, 0x00000000c3e00000| Untracked 
|  63|0x00000000c3f00000, 0x00000000c3f00000, 0x00000000c4000000|  0%| F|  |TAMS 0x00000000c3f00000, 0x00000000c3f00000| Untracked 
|  64|0x00000000c4000000, 0x00000000c4000000, 0x00000000c4100000|  0%| F|  |TAMS 0x00000000c4000000, 0x00000000c4000000| Untracked 
|  65|0x00000000c4100000, 0x00000000c4100000, 0x00000000c4200000|  0%| F|  |TAMS 0x00000000c4100000, 0x00000000c4100000| Untracked 
|  66|0x00000000c4200000, 0x00000000c4200000, 0x00000000c4300000|  0%| F|  |TAMS 0x00000000c4200000, 0x00000000c4200000| Untracked 
|  67|0x00000000c4300000, 0x00000000c43e80f8, 0x00000000c4400000| 90%| S|CS|TAMS 0x00000000c4300000, 0x00000000c4300000| Complete 
|  68|0x00000000c4400000, 0x00000000c4500000, 0x00000000c4500000|100%| S|CS|TAMS 0x00000000c4400000, 0x00000000c4400000| Complete 
|  69|0x00000000c4500000, 0x00000000c4600000, 0x00000000c4600000|100%| S|CS|TAMS 0x00000000c4500000, 0x00000000c4500000| Complete 
|  70|0x00000000c4600000, 0x00000000c4600000, 0x00000000c4700000|  0%| F|  |TAMS 0x00000000c4600000, 0x00000000c4600000| Untracked 
|  71|0x00000000c4700000, 0x00000000c4700000, 0x00000000c4800000|  0%| F|  |TAMS 0x00000000c4700000, 0x00000000c4700000| Untracked 
|  72|0x00000000c4800000, 0x00000000c4800000, 0x00000000c4900000|  0%| F|  |TAMS 0x00000000c4800000, 0x00000000c4800000| Untracked 
|  73|0x00000000c4900000, 0x00000000c4900000, 0x00000000c4a00000|  0%| F|  |TAMS 0x00000000c4900000, 0x00000000c4900000| Untracked 
|  74|0x00000000c4a00000, 0x00000000c4a00000, 0x00000000c4b00000|  0%| F|  |TAMS 0x00000000c4a00000, 0x00000000c4a00000| Untracked 
|  75|0x00000000c4b00000, 0x00000000c4b00000, 0x00000000c4c00000|  0%| F|  |TAMS 0x00000000c4b00000, 0x00000000c4b00000| Untracked 
|  76|0x00000000c4c00000, 0x00000000c4d00000, 0x00000000c4d00000|100%| E|  |TAMS 0x00000000c4c00000, 0x00000000c4c00000| Complete 
|  77|0x00000000c4d00000, 0x00000000c4e00000, 0x00000000c4e00000|100%| E|CS|TAMS 0x00000000c4d00000, 0x00000000c4d00000| Complete 
|  78|0x00000000c4e00000, 0x00000000c4f00000, 0x00000000c4f00000|100%| E|CS|TAMS 0x00000000c4e00000, 0x00000000c4e00000| Complete 
|  79|0x00000000c4f00000, 0x00000000c5000000, 0x00000000c5000000|100%| E|CS|TAMS 0x00000000c4f00000, 0x00000000c4f00000| Complete 
|  80|0x00000000c5000000, 0x00000000c5100000, 0x00000000c5100000|100%| E|CS|TAMS 0x00000000c5000000, 0x00000000c5000000| Complete 
|  81|0x00000000c5100000, 0x00000000c5200000, 0x00000000c5200000|100%| E|CS|TAMS 0x00000000c5100000, 0x00000000c5100000| Complete 
|  92|0x00000000c5c00000, 0x00000000c5d00000, 0x00000000c5d00000|100%| E|CS|TAMS 0x00000000c5c00000, 0x00000000c5c00000| Complete 

Card table byte_map: [0x000002b72a770000,0x000002b72a970000] _byte_map_base: 0x000002b72a170000

Marking Bits (Prev, Next): (CMBitMap*) 0x000002b72a9d1f88, (CMBitMap*) 0x000002b72a9d1f48
 Prev Bits: [0x000002b742fa0000, 0x000002b743fa0000)
 Next Bits: [0x000002b741fa0000, 0x000002b742fa0000)

Polling page: 0x000002b7287b0000

Metaspace:

Usage:
  Non-class:     51.57 MB capacity,    50.58 MB ( 98%) used,   815.91 KB (  2%) free+waste,   197.44 KB ( <1%) overhead. 
      Class:      8.16 MB capacity,     7.56 MB ( 93%) used,   526.20 KB (  6%) free+waste,    90.69 KB (  1%) overhead. 
       Both:     59.73 MB capacity,    58.14 MB ( 97%) used,     1.31 MB (  2%) free+waste,   288.13 KB ( <1%) overhead. 

Virtual space:
  Non-class space:       52.00 MB reserved,      51.75 MB (>99%) committed 
      Class space:        1.00 GB reserved,       8.24 MB ( <1%) committed 
             Both:        1.05 GB reserved,      59.99 MB (  6%) committed 

Chunk freelists:
   Non-Class:  7.25 KB
       Class:  3.00 KB
        Both:  10.25 KB

CodeHeap 'non-profiled nmethods': size=120064Kb used=3502Kb max_used=3560Kb free=116561Kb
 bounds [0x000002b73a860000, 0x000002b73ac20000, 0x000002b741da0000]
CodeHeap 'profiled nmethods': size=120000Kb used=13546Kb max_used=14752Kb free=106453Kb
 bounds [0x000002b733330000, 0x000002b7341a0000, 0x000002b73a860000]
CodeHeap 'non-nmethods': size=5696Kb used=1276Kb max_used=1323Kb free=4419Kb
 bounds [0x000002b732da0000, 0x000002b733010000, 0x000002b733330000]
 total_blobs=8834 nmethods=5996 adapters=538
 compilation: enabled
              stopped_count=0, restarted_count=0
 full_count=0

Compilation events (10 events):
Event: 24.813 Thread 0x000002b74636a000 6825       3       java.nio.StringCharBuffer::get (19 bytes)
Event: 24.814 Thread 0x000002b74636a000 nmethod 6825 0x000002b733571e90 code [0x000002b733572080, 0x000002b733572420]
Event: 24.814 Thread 0x000002b74636a000 6826       3       org.apache.tomcat.util.buf.AbstractChunk::getLength (10 bytes)
Event: 24.814 Thread 0x000002b74636a000 nmethod 6826 0x000002b73352a010 code [0x000002b73352a1c0, 0x000002b73352a338]
Event: 25.074 Thread 0x000002b74635e000 nmethod 6791 0x000002b73ac0e390 code [0x000002b73ac0ede0, 0x000002b73ac17568]
Event: 25.075 Thread 0x000002b74635e000 6817       4       java.lang.reflect.Method::getDeclaredAnnotations (5 bytes)
Event: 25.084 Thread 0x000002b74635e000 nmethod 6817 0x000002b73a931d90 code [0x000002b73a931fa0, 0x000002b73a9327e8]
Event: 25.084 Thread 0x000002b74635e000 6796       4       java.lang.String::codePointAt (50 bytes)
Event: 25.085 Thread 0x000002b74635e000 nmethod 6796 0x000002b73a90f290 code [0x000002b73a90f440, 0x000002b73a90f578]
Event: 25.085 Thread 0x000002b74635e000 6792       4       org.springframework.transaction.interceptor.AbstractFallbackTransactionAttributeSource::getTransactionAttribute (173 bytes)

GC Heap History (10 events):
Event: 17.154 GC heap before
{Heap before GC invocations=22 (full 0):
 garbage-first heap   total 70656K, used 49453K [0x00000000c0000000, 0x0000000100000000)
  region size 1024K, 29 young (29696K), 2 survivors (2048K)
 Metaspace       used 51601K, capacity 52860K, committed 52992K, reserved 1095680K
  class space    used 6793K, capacity 7320K, committed 7424K, reserved 1048576K
}
Event: 17.171 GC heap after
{Heap after GC invocations=23 (full 0):
 garbage-first heap   total 70656K, used 23616K [0x00000000c0000000, 0x0000000100000000)
  region size 1024K, 4 young (4096K), 4 survivors (4096K)
 Metaspace       used 51601K, capacity 52860K, committed 52992K, reserved 1095680K
  class space    used 6793K, capacity 7320K, committed 7424K, reserved 1048576K
}
Event: 18.149 GC heap before
{Heap before GC invocations=23 (full 0):
 garbage-first heap   total 70656K, used 51264K [0x00000000c0000000, 0x0000000100000000)
  region size 1024K, 31 young (31744K), 4 survivors (4096K)
 Metaspace       used 54017K, capacity 55368K, committed 55552K, reserved 1097728K
  class space    used 7050K, capacity 7579K, committed 7680K, reserved 1048576K
}
Event: 18.166 GC heap after
{Heap after GC invocations=24 (full 0):
 garbage-first heap   total 70656K, used 25324K [0x00000000c0000000, 0x0000000100000000)
  region size 1024K, 4 young (4096K), 4 survivors (4096K)
 Metaspace       used 54017K, capacity 55368K, committed 55552K, reserved 1097728K
  class space    used 7050K, capacity 7579K, committed 7680K, reserved 1048576K
}
Event: 18.894 GC heap before
{Heap before GC invocations=24 (full 0):
 garbage-first heap   total 70656K, used 52972K [0x00000000c0000000, 0x0000000100000000)
  region size 1024K, 31 young (31744K), 4 survivors (4096K)
 Metaspace       used 54457K, capacity 55825K, committed 56064K, reserved 1097728K
  class space    used 7068K, capacity 7591K, committed 7680K, reserved 1048576K
}
Event: 18.926 GC heap after
{Heap after GC invocations=25 (full 0):
 garbage-first heap   total 70656K, used 26451K [0x00000000c0000000, 0x0000000100000000)
  region size 1024K, 3 young (3072K), 3 survivors (3072K)
 Metaspace       used 54457K, capacity 55825K, committed 56064K, reserved 1097728K
  class space    used 7068K, capacity 7591K, committed 7680K, reserved 1048576K
}
Event: 20.639 GC heap before
{Heap before GC invocations=25 (full 0):
 garbage-first heap   total 70656K, used 54099K [0x00000000c0000000, 0x0000000100000000)
  region size 1024K, 30 young (30720K), 3 survivors (3072K)
 Metaspace       used 56924K, capacity 58422K, committed 58752K, reserved 1099776K
  class space    used 7404K, capacity 7980K, committed 8064K, reserved 1048576K
}
Event: 20.678 GC heap after
{Heap after GC invocations=26 (full 0):
 garbage-first heap   total 84992K, used 28495K [0x00000000c0000000, 0x0000000100000000)
  region size 1024K, 4 young (4096K), 4 survivors (4096K)
 Metaspace       used 56924K, capacity 58422K, committed 58752K, reserved 1099776K
  class space    used 7404K, capacity 7980K, committed 8064K, reserved 1048576K
}
Event: 24.446 GC heap before
{Heap before GC invocations=26 (full 0):
 garbage-first heap   total 84992K, used 40783K [0x00000000c0000000, 0x0000000100000000)
  region size 1024K, 17 young (17408K), 4 survivors (4096K)
 Metaspace       used 58228K, capacity 59834K, committed 59904K, reserved 1101824K
  class space    used 7554K, capacity 8172K, committed 8192K, reserved 1048576K
}
Event: 24.461 GC heap after
{Heap after GC invocations=27 (full 0):
 garbage-first heap   total 84992K, used 29450K [0x00000000c0000000, 0x0000000100000000)
  region size 1024K, 3 young (3072K), 3 survivors (3072K)
 Metaspace       used 58228K, capacity 59834K, committed 59904K, reserved 1101824K
  class space    used 7554K, capacity 8172K, committed 8192K, reserved 1048576K
}

Deoptimization events (10 events):
Event: 22.016 Thread 0x000002b746c89000 Uncommon trap: reason=unstable_if action=reinterpret pc=0x000002b73aa82fb8 method=java.lang.String$CaseInsensitiveComparator.compare(Ljava/lang/String;Ljava/lang/String;)I @ 26 c2
Event: 22.016 Thread 0x000002b746c89000 Uncommon trap: reason=unstable_if action=reinterpret pc=0x000002b73aa83ce8 method=java.lang.String$CaseInsensitiveComparator.compare(Ljava/lang/String;Ljava/lang/String;)I @ 26 c2
Event: 22.017 Thread 0x000002b746c89000 Uncommon trap: reason=bimorphic_or_optimized_type_check action=maybe_recompile pc=0x000002b73aa48054 method=java.util.AbstractCollection.containsAll(Ljava/util/Collection;)Z @ 25 c2
Event: 23.026 Thread 0x000002b746c89000 Uncommon trap: reason=bimorphic_or_optimized_type_check action=maybe_recompile pc=0x000002b73aa48054 method=java.util.AbstractCollection.containsAll(Ljava/util/Collection;)Z @ 25 c2
Event: 23.027 Thread 0x000002b746c89000 Uncommon trap: reason=bimorphic_or_optimized_type_check action=maybe_recompile pc=0x000002b73aa48054 method=java.util.AbstractCollection.containsAll(Ljava/util/Collection;)Z @ 25 c2
Event: 24.639 Thread 0x000002b7494c1000 Uncommon trap: reason=unstable_if action=reinterpret pc=0x000002b73a90bcf8 method=java.util.Objects.equals(Ljava/lang/Object;Ljava/lang/Object;)Z @ 6 c2
Event: 24.654 Thread 0x000002b7494c1000 Uncommon trap: reason=array_check action=maybe_recompile pc=0x000002b73abd1d84 method=java.util.AbstractCollection.toArray([Ljava/lang/Object;)[Ljava/lang/Object; @ 116 c2
Event: 24.655 Thread 0x000002b7494c1000 Uncommon trap: reason=array_check action=maybe_recompile pc=0x000002b73abd1d84 method=java.util.AbstractCollection.toArray([Ljava/lang/Object;)[Ljava/lang/Object; @ 116 c2
Event: 24.655 Thread 0x000002b7494c1000 Uncommon trap: reason=array_check action=maybe_recompile pc=0x000002b73abd1d84 method=java.util.AbstractCollection.toArray([Ljava/lang/Object;)[Ljava/lang/Object; @ 116 c2
Event: 24.695 Thread 0x000002b7494c1000 Uncommon trap: reason=unstable_if action=reinterpret pc=0x000002b73a95b168 method=java.nio.Buffer.<init>(IIII)V @ 44 c2

Classes redefined (0 events):
No events

Internal exceptions (10 events):
Event: 19.024 Thread 0x000002b7479d2800 Exception <a 'java/lang/ClassNotFoundException'{0x00000000c42a0698}: org/springframework/boot/autoconfigure/web/servlet/WebMvcAutoConfiguration$EnableWebMvcConfigurationCustomizer> (0x00000000c42a0698) thrown at [t:/workspace/open/src/hotspot/share/classf
Event: 19.025 Thread 0x000002b7479d2800 Exception <a 'java/lang/ClassNotFoundException'{0x00000000c42ba5a8}: org/springframework/context/ResourceLoaderAwareCustomizer> (0x00000000c42ba5a8) thrown at [t:/workspace/open/src/hotspot/share/classfile/systemDictionary.cpp, line 235]
Event: 19.026 Thread 0x000002b7479d2800 Exception <a 'java/lang/ClassNotFoundException'{0x00000000c42c6fb8}: org/springframework/beans/factory/AwareCustomizer> (0x00000000c42c6fb8) thrown at [t:/workspace/open/src/hotspot/share/classfile/systemDictionary.cpp, line 235]
Event: 19.027 Thread 0x000002b7479d2800 Exception <a 'java/lang/ClassNotFoundException'{0x00000000c42d4688}: org/springframework/context/ApplicationContextAwareCustomizer> (0x00000000c42d4688) thrown at [t:/workspace/open/src/hotspot/share/classfile/systemDictionary.cpp, line 235]
Event: 19.029 Thread 0x000002b7479d2800 Exception <a 'java/lang/ClassNotFoundException'{0x00000000c42e1c78}: org/springframework/beans/factory/AwareCustomizer> (0x00000000c42e1c78) thrown at [t:/workspace/open/src/hotspot/share/classfile/systemDictionary.cpp, line 235]
Event: 19.030 Thread 0x000002b7479d2800 Exception <a 'java/lang/ClassNotFoundException'{0x00000000c42ef320}: org/springframework/web/context/ServletContextAwareCustomizer> (0x00000000c42ef320) thrown at [t:/workspace/open/src/hotspot/share/classfile/systemDictionary.cpp, line 235]
Event: 19.031 Thread 0x000002b7479d2800 Exception <a 'java/lang/ClassNotFoundException'{0x00000000c42fc198}: org/springframework/beans/factory/AwareCustomizer> (0x00000000c42fc198) thrown at [t:/workspace/open/src/hotspot/share/classfile/systemDictionary.cpp, line 235]
Event: 20.018 Thread 0x000002b7479d2800 Exception <a 'java/lang/NoSuchMethodError'{0x00000000c3765b80}: java.lang.invoke.DirectMethodHandle$Holder.invokeVirtual(Ljava/lang/Object;Ljava/lang/Object;I)V> (0x00000000c3765b80) thrown at [t:/workspace/open/src/hotspot/share/interpreter/linkResolver.
Event: 20.352 Thread 0x000002b7479d2800 Exception <a 'java/lang/IncompatibleClassChangeError'{0x00000000c309e1f8}: Found class java.lang.Object, but interface was expected> (0x00000000c309e1f8) thrown at [t:/workspace/open/src/hotspot/share/interpreter/linkResolver.cpp, line 843]
Event: 20.429 Thread 0x000002b7479d2800 Exception <a 'java/lang/NoSuchMethodError'{0x00000000c2e1c758}: java.lang.invoke.DirectMethodHandle$Holder.invokeStaticInit(Ljava/lang/Object;Ljava/lang/Object;Ljava/lang/Object;Ljava/lang/Object;)I> (0x00000000c2e1c758) thrown at [t:/workspace/open/src/h

Events (10 events):
Event: 24.816 loading class org/apache/tomcat/util/net/NioBlockingSelector$BlockPoller$RunnableRemove
Event: 24.816 loading class org/apache/tomcat/util/net/NioBlockingSelector$BlockPoller$RunnableRemove done
Event: 24.817 Executing VM operation: RevokeBias
Event: 24.817 Executing VM operation: RevokeBias done
Event: 24.818 Executing VM operation: RevokeBias
Event: 24.818 Executing VM operation: RevokeBias done
Event: 24.818 Executing VM operation: RevokeBias
Event: 24.818 Executing VM operation: RevokeBias done
Event: 24.818 Executing VM operation: RevokeBias
Event: 24.819 Executing VM operation: RevokeBias done


Dynamic libraries:
0x00007ff728810000 - 0x00007ff72881f000 	C:\ymy\jdk-12.0.1\bin\java.exe
0x00007ffa44800000 - 0x00007ffa449ed000 	C:\Windows\SYSTEM32\ntdll.dll
0x00007ffa43340000 - 0x00007ffa433f3000 	C:\Windows\System32\KERNEL32.DLL
0x00007ffa41780000 - 0x00007ffa41a13000 	C:\Windows\System32\KERNELBASE.dll
0x00007ffa408c0000 - 0x00007ffa409ba000 	C:\Windows\System32\ucrtbase.dll
0x00007ffa30e20000 - 0x00007ffa30e38000 	C:\ymy\jdk-12.0.1\bin\jli.dll
0x00007ffa43120000 - 0x00007ffa431c3000 	C:\Windows\System32\ADVAPI32.dll
0x00007ffa41b80000 - 0x00007ffa41c1e000 	C:\Windows\System32\msvcrt.dll
0x00007ffa43650000 - 0x00007ffa436ee000 	C:\Windows\System32\sechost.dll
0x00007ffa442e0000 - 0x00007ffa44402000 	C:\Windows\System32\RPCRT4.dll
0x00007ffa43430000 - 0x00007ffa435c7000 	C:\Windows\System32\USER32.dll
0x00007ffa41700000 - 0x00007ffa41720000 	C:\Windows\System32\win32u.dll
0x00007ffa43400000 - 0x00007ffa43429000 	C:\Windows\System32\GDI32.dll
0x00007ffa40b40000 - 0x00007ffa40cd9000 	C:\Windows\System32\gdi32full.dll
0x00007ffa409f0000 - 0x00007ffa40a90000 	C:\Windows\System32\msvcp_win.dll
0x00007ffa2dd00000 - 0x00007ffa2dd16000 	C:\ymy\jdk-12.0.1\bin\VCRUNTIME140.dll
0x00007ffa358e0000 - 0x00007ffa35b59000 	C:\Windows\WinSxS\amd64_microsoft.windows.common-controls_6595b64144ccf1df_6.0.17763.802_none_05b1445c0722d2cc\COMCTL32.dll
0x00007ffa43bf0000 - 0x00007ffa43f1c000 	C:\Windows\System32\combase.dll
0x00007ffa41630000 - 0x00007ffa416ae000 	C:\Windows\System32\bcryptPrimitives.dll
0x00007ffa36a10000 - 0x00007ffa36a1a000 	C:\Windows\SYSTEM32\VERSION.dll
0x00007ffa447a0000 - 0x00007ffa447ce000 	C:\Windows\System32\IMM32.DLL
0x00007ffa22460000 - 0x00007ffa2250a000 	C:\ymy\jdk-12.0.1\bin\msvcp140.dll
0x00007ffa20ea0000 - 0x00007ffa21a14000 	C:\ymy\jdk-12.0.1\bin\server\jvm.dll
0x00007ffa43f90000 - 0x00007ffa43f98000 	C:\Windows\System32\PSAPI.DLL
0x00007ffa242a0000 - 0x00007ffa242a9000 	C:\Windows\SYSTEM32\WSOCK32.dll
0x00007ffa43f20000 - 0x00007ffa43f8d000 	C:\Windows\System32\WS2_32.dll
0x00007ffa3e500000 - 0x00007ffa3e524000 	C:\Windows\SYSTEM32\WINMM.dll
0x00007ffa3e3e0000 - 0x00007ffa3e40d000 	C:\Windows\SYSTEM32\WINMMBASE.dll
0x00007ffa416b0000 - 0x00007ffa416fa000 	C:\Windows\System32\cfgmgr32.dll
0x00007ffa407f0000 - 0x00007ffa40801000 	C:\Windows\System32\kernel.appcore.dll
0x00007ffa2bed0000 - 0x00007ffa2bee1000 	C:\ymy\jdk-12.0.1\bin\verify.dll
0x00007ffa35170000 - 0x00007ffa3535d000 	C:\Windows\SYSTEM32\DBGHELP.DLL
0x00007ffa35140000 - 0x00007ffa3516a000 	C:\Windows\SYSTEM32\dbgcore.DLL
0x00007ffa2bea0000 - 0x00007ffa2bec6000 	C:\ymy\jdk-12.0.1\bin\java.dll
0x00007ffa32c90000 - 0x00007ffa32c9e000 	C:\ymy\jdk-12.0.1\bin\instrument.dll
0x00007ffa2be80000 - 0x00007ffa2be97000 	C:\ymy\jdk-12.0.1\bin\zip.dll
0x00007ffa30e10000 - 0x00007ffa30e1a000 	C:\ymy\jdk-12.0.1\bin\jimage.dll
0x00007ffa41c20000 - 0x00007ffa43114000 	C:\Windows\System32\SHELL32.dll
0x00007ffa44060000 - 0x00007ffa44108000 	C:\Windows\System32\shcore.dll
0x00007ffa40d00000 - 0x00007ffa4144d000 	C:\Windows\System32\windows.storage.dll
0x00007ffa40890000 - 0x00007ffa408b4000 	C:\Windows\System32\profapi.dll
0x00007ffa40810000 - 0x00007ffa4086d000 	C:\Windows\System32\powrprof.dll
0x00007ffa43fa0000 - 0x00007ffa43ff2000 	C:\Windows\System32\shlwapi.dll
0x00007ffa40ce0000 - 0x00007ffa40cf7000 	C:\Windows\System32\cryptsp.dll
0x00007ffa2be60000 - 0x00007ffa2be79000 	C:\ymy\jdk-12.0.1\bin\net.dll
0x00007ffa3a320000 - 0x00007ffa3a412000 	C:\Windows\SYSTEM32\WINHTTP.dll
0x00007ffa38d70000 - 0x00007ffa38f47000 	C:\Windows\SYSTEM32\urlmon.dll
0x00007ffa3ad20000 - 0x00007ffa3afc8000 	C:\Windows\SYSTEM32\iertutil.dll
0x00007ffa401d0000 - 0x00007ffa401dc000 	C:\Windows\SYSTEM32\CRYPTBASE.DLL
0x00007ffa40000000 - 0x00007ffa40067000 	C:\Windows\system32\mswsock.dll
0x00007ffa2be20000 - 0x00007ffa2be33000 	C:\ymy\jdk-12.0.1\bin\nio.dll
0x00007ffa2be40000 - 0x00007ffa2be5a000 	C:\ymy\IntelliJ IDEA Community Edition 2019.3.2\bin\breakgen64.dll
0x00007ffa30d60000 - 0x00007ffa30d69000 	C:\ymy\jdk-12.0.1\bin\management.dll
0x00007ffa2fb20000 - 0x00007ffa2fb2c000 	C:\ymy\jdk-12.0.1\bin\management_ext.dll
0x00007ffa33d10000 - 0x00007ffa33d26000 	C:\Windows\system32\napinsp.dll
0x00007ffa3fd60000 - 0x00007ffa3fe26000 	C:\Windows\SYSTEM32\DNSAPI.dll
0x00007ffa41b70000 - 0x00007ffa41b78000 	C:\Windows\System32\NSI.dll
0x00007ffa3fd20000 - 0x00007ffa3fd5d000 	C:\Windows\SYSTEM32\IPHLPAPI.DLL
0x00007ffa33d00000 - 0x00007ffa33d0e000 	C:\Windows\System32\winrnr.dll
0x00007ffa38a90000 - 0x00007ffa38aab000 	C:\Windows\system32\NLAapi.dll
0x00007ffa33400000 - 0x00007ffa33415000 	C:\Windows\system32\wshbth.dll
0x00007ffa3afd0000 - 0x00007ffa3afda000 	C:\Windows\System32\rasadhlp.dll
0x00007ffa39720000 - 0x00007ffa39799000 	C:\Windows\System32\fwpuclnt.dll
0x00007ffa409c0000 - 0x00007ffa409e6000 	C:\Windows\System32\bcrypt.dll
0x00007ffa3fb80000 - 0x00007ffa3fbb3000 	C:\Windows\system32\rsaenh.dll
0x00007ffa406f0000 - 0x00007ffa40718000 	C:\Windows\SYSTEM32\USERENV.dll
0x00007ffa38a70000 - 0x00007ffa38a86000 	C:\Windows\SYSTEM32\dhcpcsvc6.DLL
0x00007ffa38a30000 - 0x00007ffa38a4c000 	C:\Windows\SYSTEM32\dhcpcsvc.DLL

dbghelp: loaded successfully - version: 4.0.5 - missing functions: none
symbol engine: initialized successfully - sym options: 0x614 - pdb path: .;C:\ymy\jdk-12.0.1\bin;C:\Windows\SYSTEM32;C:\Windows\WinSxS\amd64_microsoft.windows.common-controls_6595b64144ccf1df_6.0.17763.802_none_05b1445c0722d2cc;C:\ymy\jdk-12.0.1\bin\server;C:\ymy\IntelliJ IDEA Community Edition 2019.3.2\bin

VM Arguments:
jvm_args: -javaagent:C:\ymy\IntelliJ IDEA Community Edition 2019.3.2\lib\idea_rt.jar=54852:C:\ymy\IntelliJ IDEA Community Edition 2019.3.2\bin -Dfile.encoding=UTF-8 
java_command: com.ymy.graduation.GraduationApplication
java_class_path (initial): C:\ymy\毕设后端\Graduation\target\classes;C:\Users\Administrator\.m2\repository\org\springframework\boot\spring-boot-starter-data-jpa\2.2.2.RELEASE\spring-boot-starter-data-jpa-2.2.2.RELEASE.jar;C:\Users\Administrator\.m2\repository\org\springframework\boot\spring-boot-starter-aop\2.2.2.RELEASE\spring-boot-starter-aop-2.2.2.RELEASE.jar;C:\Users\Administrator\.m2\repository\org\springframework\spring-aop\5.2.2.RELEASE\spring-aop-5.2.2.RELEASE.jar;C:\Users\Administrator\.m2\repository\org\aspectj\aspectjweaver\1.9.5\aspectjweaver-1.9.5.jar;C:\Users\Administrator\.m2\repository\org\springframework\boot\spring-boot-starter-jdbc\2.2.2.RELEASE\spring-boot-starter-jdbc-2.2.2.RELEASE.jar;C:\Users\Administrator\.m2\repository\com\zaxxer\HikariCP\3.4.1\HikariCP-3.4.1.jar;C:\Users\Administrator\.m2\repository\org\springframework\spring-jdbc\5.2.2.RELEASE\spring-jdbc-5.2.2.RELEASE.jar;C:\Users\Administrator\.m2\repository\jakarta\activation\jakarta.activation-api\1.2.1\jakarta.activation-api-1.2.1.jar;C:\Users\Administrator\.m2\repository\jakarta\persistence\jakarta.persistence-api\2.2.3\jakarta.persistence-api-2.2.3.jar;C:\Users\Administrator\.m2\repository\jakarta\transaction\jakarta.transaction-api\1.3.3\jakarta.transaction-api-1.3.3.jar;C:\Users\Administrator\.m2\repository\org\hibernate\hibernate-core\5.4.9.Final\hibernate-core-5.4.9.Final.jar;C:\Users\Administrator\.m2\repository\net\bytebuddy\byte-buddy\1.10.4\byte-buddy-1.10.4.jar;C:\Users\Administrator\.m2\repository\antlr\antlr\2.7.7\antlr-2.7.7.jar;C:\Users\Administrator\.m2\repository\org\jboss\jandex\2.1.1.Final\jandex-2.1.1.Final.jar;C:\Users\Administrator\.m2\repository\com\fasterxml\classmate\1.5.1\classmate-1.5.1.jar;C:\Users\Administrator\.m2\repository\org\dom4j\dom4j\2.1.1\dom4j-2.1.1.jar;C:\Users\Administrator\.m2\repository\org\glassfish\jaxb\jaxb-runtime\2.3.2\jaxb-runtime-2.3.2.jar;C:\Users\Administrator\.m2\repository\org\glassfish\jaxb\txw2\2.3.2\txw2-2.3.2.jar;C:\Users\Adm
Launcher Type: SUN_STANDARD

[Global flags]
     intx CICompilerCount                          = 2                                         {product} {ergonomic}
     uint ConcGCThreads                            = 1                                         {product} {ergonomic}
     uint G1ConcRefinementThreads                  = 2                                         {product} {ergonomic}
   size_t G1HeapRegionSize                         = 1048576                                   {product} {ergonomic}
    uintx GCDrainStackTargetSize                   = 64                                        {product} {ergonomic}
   size_t InitialHeapSize                          = 67108864                                  {product} {ergonomic}
   size_t MarkStackSize                            = 4194304                                   {product} {ergonomic}
   size_t MaxHeapSize                              = 1073741824                                {product} {ergonomic}
   size_t MaxNewSize                               = 643825664                                 {product} {ergonomic}
   size_t MinHeapDeltaBytes                        = 1048576                                   {product} {ergonomic}
    uintx NonNMethodCodeHeapSize                   = 5825164                                {pd product} {ergonomic}
    uintx NonProfiledCodeHeapSize                  = 122916538                              {pd product} {ergonomic}
    uintx ProfiledCodeHeapSize                     = 122916538                              {pd product} {ergonomic}
    uintx ReservedCodeCacheSize                    = 251658240                              {pd product} {ergonomic}
     bool SegmentedCodeCache                       = true                                      {product} {ergonomic}
     bool UseCompressedClassPointers               = true                                 {lp64_product} {ergonomic}
     bool UseCompressedOops                        = true                                 {lp64_product} {ergonomic}
     bool UseG1GC                                  = true                                      {product} {ergonomic}
     bool UseLargePagesIndividualAllocation        = false                                  {pd product} {ergonomic}

Logging:
Log output configuration:
 #0: stdout all=warning uptime,level,tags
 #1: stderr all=off uptime,level,tags

Environment Variables:
PATH=C:\ProgramData\Oracle\Java\javapath;C:\Windows\system32;C:\Windows;C:\Windows\System32\Wbem;C:\Windows\System32\WindowsPowerShell\v1.0\;C:\Windows\System32\OpenSSH\;C:\Users\Administrator\AppData\Local\Microsoft\WindowsApps;;C:\ymy\IntelliJ IDEA 2019.3.1\bin;;C:\Program Files\Bandizip\;C:\ymy\IntelliJ IDEA Community Edition 2019.3.2\bin;
USERNAME=Administrator
OS=Windows_NT
PROCESSOR_IDENTIFIER=Intel64 Family 6 Model 85 Stepping 4, GenuineIntel



---------------  S Y S T E M  ---------------

OS: Windows Server 2019 , 64 bit Build 17763 (10.0.17763.475)

CPU:total 2 (initial active 2) (1 cores per cpu, 2 threads per core) family 6 model 85 stepping 4, cmov, cx8, fxsr, mmx, sse, sse2, sse3, ssse3, sse4.1, sse4.2, popcnt, avx, avx2, aes, clmul, erms, rtm, 3dnowpref, lzcnt, ht, tsc, bmi1, bmi2, adx, evex, fma

Memory: 4k page, system-wide physical 4095M (388M free)
TotalPageFile size 4607M (AvailPageFile size 7M)
current process WorkingSet (physical memory assigned to process): 255M, peak: 258M
current process commit charge ("private bytes"): 283M, peak: 286M

vm_info: Java HotSpot(TM) 64-Bit Server VM (12.0.1+12) for windows-amd64 JRE (12.0.1+12), built on Apr  2 2019 14:02:19 by "mach5one" with MS VC++ 15.5 (VS2017)

END.
